
*** Running vivado
    with args -log axi_bram.vds -m64 -product Vivado -mode batch -messageDb vivado.pb -notrace -source axi_bram.tcl


****** Vivado v2019.2 (64-bit)
  **** SW Build 2708876 on Wed Nov  6 21:40:23 MST 2019
  **** IP Build 2700528 on Thu Nov  7 00:09:20 MST 2019
    ** Copyright 1986-2019 Xilinx, Inc. All Rights Reserved.

source axi_bram.tcl -notrace
Command: synth_design -top axi_bram -part xc7vx485tffg1157-1 -mode out_of_context
Starting synth_design
Attempting to get a license for feature 'Synthesis' and/or device 'xc7vx485t'
INFO: [Common 17-349] Got license for feature 'Synthesis' and/or device 'xc7vx485t'
INFO: [Device 21-403] Loading part xc7vx485tffg1157-1
INFO: Launching helper process for spawning children vivado processes
INFO: Helper process launched with PID 9300 
---------------------------------------------------------------------------------
Starting RTL Elaboration : Time (s): cpu = 00:00:01 ; elapsed = 00:00:04 . Memory (MB): peak = 1144.754 ; gain = 233.156
---------------------------------------------------------------------------------
INFO: [Synth 8-638] synthesizing module 'axi_bram' [c:/Users/76296/Desktop/ddr4_ex/ddr4_ex.srcs/sources_1/ip/axi_bram/synth/axi_bram.vhd:97]
	Parameter C_FAMILY bound to: virtex7 - type: string 
	Parameter C_XDEVICEFAMILY bound to: virtex7 - type: string 
	Parameter C_ELABORATION_DIR bound to: ./ - type: string 
	Parameter C_INTERFACE_TYPE bound to: 1 - type: integer 
	Parameter C_AXI_TYPE bound to: 1 - type: integer 
	Parameter C_AXI_SLAVE_TYPE bound to: 0 - type: integer 
	Parameter C_USE_BRAM_BLOCK bound to: 0 - type: integer 
	Parameter C_ENABLE_32BIT_ADDRESS bound to: 0 - type: integer 
	Parameter C_CTRL_ECC_ALGO bound to: NONE - type: string 
	Parameter C_HAS_AXI_ID bound to: 1 - type: integer 
	Parameter C_AXI_ID_WIDTH bound to: 4 - type: integer 
	Parameter C_MEM_TYPE bound to: 1 - type: integer 
	Parameter C_BYTE_SIZE bound to: 8 - type: integer 
	Parameter C_ALGORITHM bound to: 1 - type: integer 
	Parameter C_PRIM_TYPE bound to: 1 - type: integer 
	Parameter C_LOAD_INIT_FILE bound to: 1 - type: integer 
	Parameter C_INIT_FILE_NAME bound to: axi_bram.mif - type: string 
	Parameter C_INIT_FILE bound to: axi_bram.mem - type: string 
	Parameter C_USE_DEFAULT_DATA bound to: 0 - type: integer 
	Parameter C_DEFAULT_DATA bound to: 0 - type: string 
	Parameter C_HAS_RSTA bound to: 0 - type: integer 
	Parameter C_RST_PRIORITY_A bound to: CE - type: string 
	Parameter C_RSTRAM_A bound to: 0 - type: integer 
	Parameter C_INITA_VAL bound to: 0 - type: string 
	Parameter C_HAS_ENA bound to: 1 - type: integer 
	Parameter C_HAS_REGCEA bound to: 0 - type: integer 
	Parameter C_USE_BYTE_WEA bound to: 1 - type: integer 
	Parameter C_WEA_WIDTH bound to: 4 - type: integer 
	Parameter C_WRITE_MODE_A bound to: READ_FIRST - type: string 
	Parameter C_WRITE_WIDTH_A bound to: 32 - type: integer 
	Parameter C_READ_WIDTH_A bound to: 32 - type: integer 
	Parameter C_WRITE_DEPTH_A bound to: 8192 - type: integer 
	Parameter C_READ_DEPTH_A bound to: 8192 - type: integer 
	Parameter C_ADDRA_WIDTH bound to: 13 - type: integer 
	Parameter C_HAS_RSTB bound to: 1 - type: integer 
	Parameter C_RST_PRIORITY_B bound to: CE - type: string 
	Parameter C_RSTRAM_B bound to: 0 - type: integer 
	Parameter C_INITB_VAL bound to: 0 - type: string 
	Parameter C_HAS_ENB bound to: 1 - type: integer 
	Parameter C_HAS_REGCEB bound to: 0 - type: integer 
	Parameter C_USE_BYTE_WEB bound to: 1 - type: integer 
	Parameter C_WEB_WIDTH bound to: 4 - type: integer 
	Parameter C_WRITE_MODE_B bound to: READ_FIRST - type: string 
	Parameter C_WRITE_WIDTH_B bound to: 32 - type: integer 
	Parameter C_READ_WIDTH_B bound to: 32 - type: integer 
	Parameter C_WRITE_DEPTH_B bound to: 8192 - type: integer 
	Parameter C_READ_DEPTH_B bound to: 8192 - type: integer 
	Parameter C_ADDRB_WIDTH bound to: 13 - type: integer 
	Parameter C_HAS_MEM_OUTPUT_REGS_A bound to: 0 - type: integer 
	Parameter C_HAS_MEM_OUTPUT_REGS_B bound to: 0 - type: integer 
	Parameter C_HAS_MUX_OUTPUT_REGS_A bound to: 0 - type: integer 
	Parameter C_HAS_MUX_OUTPUT_REGS_B bound to: 0 - type: integer 
	Parameter C_MUX_PIPELINE_STAGES bound to: 0 - type: integer 
	Parameter C_HAS_SOFTECC_INPUT_REGS_A bound to: 0 - type: integer 
	Parameter C_HAS_SOFTECC_OUTPUT_REGS_B bound to: 0 - type: integer 
	Parameter C_USE_SOFTECC bound to: 0 - type: integer 
	Parameter C_USE_ECC bound to: 0 - type: integer 
	Parameter C_EN_ECC_PIPE bound to: 0 - type: integer 
	Parameter C_READ_LATENCY_A bound to: 1 - type: integer 
	Parameter C_READ_LATENCY_B bound to: 1 - type: integer 
	Parameter C_HAS_INJECTERR bound to: 0 - type: integer 
	Parameter C_SIM_COLLISION_CHECK bound to: ALL - type: string 
	Parameter C_COMMON_CLK bound to: 1 - type: integer 
	Parameter C_DISABLE_WARN_BHV_COLL bound to: 0 - type: integer 
	Parameter C_EN_SLEEP_PIN bound to: 0 - type: integer 
	Parameter C_USE_URAM bound to: 0 - type: integer 
	Parameter C_EN_RDADDRA_CHG bound to: 0 - type: integer 
	Parameter C_EN_RDADDRB_CHG bound to: 0 - type: integer 
	Parameter C_EN_DEEPSLEEP_PIN bound to: 0 - type: integer 
	Parameter C_EN_SHUTDOWN_PIN bound to: 0 - type: integer 
	Parameter C_EN_SAFETY_CKT bound to: 1 - type: integer 
	Parameter C_DISABLE_WARN_BHV_RANGE bound to: 0 - type: integer 
	Parameter C_COUNT_36K_BRAM bound to: 8 - type: string 
	Parameter C_COUNT_18K_BRAM bound to: 0 - type: string 
	Parameter C_EST_POWER_SUMMARY bound to: Estimated Power for IP     :     21.0181 mW - type: string 
INFO: [Synth 8-3491] module 'blk_mem_gen_v8_4_4' declared at 'c:/Users/76296/Desktop/ddr4_ex/ddr4_ex.srcs/sources_1/ip/axi_bram/hdl/blk_mem_gen_v8_4_vhsyn_rfs.vhd:195321' bound to instance 'U0' of component 'blk_mem_gen_v8_4_4' [c:/Users/76296/Desktop/ddr4_ex/ddr4_ex.srcs/sources_1/ip/axi_bram/synth/axi_bram.vhd:291]
INFO: [Synth 8-256] done synthesizing module 'axi_bram' (15#1) [c:/Users/76296/Desktop/ddr4_ex/ddr4_ex.srcs/sources_1/ip/axi_bram/synth/axi_bram.vhd:97]
WARNING: [Synth 8-3331] design blk_mem_output_block has unconnected port CLKB
WARNING: [Synth 8-3331] design blk_mem_output_block has unconnected port DOUTA_I[31]
WARNING: [Synth 8-3331] design blk_mem_output_block has unconnected port DOUTA_I[30]
WARNING: [Synth 8-3331] design blk_mem_output_block has unconnected port DOUTA_I[29]
WARNING: [Synth 8-3331] design blk_mem_output_block has unconnected port DOUTA_I[28]
WARNING: [Synth 8-3331] design blk_mem_output_block has unconnected port DOUTA_I[27]
WARNING: [Synth 8-3331] design blk_mem_output_block has unconnected port DOUTA_I[26]
WARNING: [Synth 8-3331] design blk_mem_output_block has unconnected port DOUTA_I[25]
WARNING: [Synth 8-3331] design blk_mem_output_block has unconnected port DOUTA_I[24]
WARNING: [Synth 8-3331] design blk_mem_output_block has unconnected port DOUTA_I[23]
WARNING: [Synth 8-3331] design blk_mem_output_block has unconnected port DOUTA_I[22]
WARNING: [Synth 8-3331] design blk_mem_output_block has unconnected port DOUTA_I[21]
WARNING: [Synth 8-3331] design blk_mem_output_block has unconnected port DOUTA_I[20]
WARNING: [Synth 8-3331] design blk_mem_output_block has unconnected port DOUTA_I[19]
WARNING: [Synth 8-3331] design blk_mem_output_block has unconnected port DOUTA_I[18]
WARNING: [Synth 8-3331] design blk_mem_output_block has unconnected port DOUTA_I[17]
WARNING: [Synth 8-3331] design blk_mem_output_block has unconnected port DOUTA_I[16]
WARNING: [Synth 8-3331] design blk_mem_output_block has unconnected port DOUTA_I[15]
WARNING: [Synth 8-3331] design blk_mem_output_block has unconnected port DOUTA_I[14]
WARNING: [Synth 8-3331] design blk_mem_output_block has unconnected port DOUTA_I[13]
WARNING: [Synth 8-3331] design blk_mem_output_block has unconnected port DOUTA_I[12]
WARNING: [Synth 8-3331] design blk_mem_output_block has unconnected port DOUTA_I[11]
WARNING: [Synth 8-3331] design blk_mem_output_block has unconnected port DOUTA_I[10]
WARNING: [Synth 8-3331] design blk_mem_output_block has unconnected port DOUTA_I[9]
WARNING: [Synth 8-3331] design blk_mem_output_block has unconnected port DOUTA_I[8]
WARNING: [Synth 8-3331] design blk_mem_output_block has unconnected port DOUTA_I[7]
WARNING: [Synth 8-3331] design blk_mem_output_block has unconnected port DOUTA_I[6]
WARNING: [Synth 8-3331] design blk_mem_output_block has unconnected port DOUTA_I[5]
WARNING: [Synth 8-3331] design blk_mem_output_block has unconnected port DOUTA_I[4]
WARNING: [Synth 8-3331] design blk_mem_output_block has unconnected port DOUTA_I[3]
WARNING: [Synth 8-3331] design blk_mem_output_block has unconnected port DOUTA_I[2]
WARNING: [Synth 8-3331] design blk_mem_output_block has unconnected port DOUTA_I[1]
WARNING: [Synth 8-3331] design blk_mem_output_block has unconnected port DOUTA_I[0]
WARNING: [Synth 8-3331] design blk_mem_output_block has unconnected port SBITERR_I
WARNING: [Synth 8-3331] design blk_mem_output_block has unconnected port DBITERR_I
WARNING: [Synth 8-3331] design blk_mem_output_block has unconnected port RDADDRECC_I[12]
WARNING: [Synth 8-3331] design blk_mem_output_block has unconnected port RDADDRECC_I[11]
WARNING: [Synth 8-3331] design blk_mem_output_block has unconnected port RDADDRECC_I[10]
WARNING: [Synth 8-3331] design blk_mem_output_block has unconnected port RDADDRECC_I[9]
WARNING: [Synth 8-3331] design blk_mem_output_block has unconnected port RDADDRECC_I[8]
WARNING: [Synth 8-3331] design blk_mem_output_block has unconnected port RDADDRECC_I[7]
WARNING: [Synth 8-3331] design blk_mem_output_block has unconnected port RDADDRECC_I[6]
WARNING: [Synth 8-3331] design blk_mem_output_block has unconnected port RDADDRECC_I[5]
WARNING: [Synth 8-3331] design blk_mem_output_block has unconnected port RDADDRECC_I[4]
WARNING: [Synth 8-3331] design blk_mem_output_block has unconnected port RDADDRECC_I[3]
WARNING: [Synth 8-3331] design blk_mem_output_block has unconnected port RDADDRECC_I[2]
WARNING: [Synth 8-3331] design blk_mem_output_block has unconnected port RDADDRECC_I[1]
WARNING: [Synth 8-3331] design blk_mem_output_block has unconnected port RDADDRECC_I[0]
WARNING: [Synth 8-3331] design blk_mem_gen_prim_wrapper_init__parameterized6 has unconnected port SSRA
WARNING: [Synth 8-3331] design blk_mem_gen_prim_wrapper_init__parameterized6 has unconnected port REGCEA
WARNING: [Synth 8-3331] design blk_mem_gen_prim_wrapper_init__parameterized6 has unconnected port SSRB
WARNING: [Synth 8-3331] design blk_mem_gen_prim_wrapper_init__parameterized6 has unconnected port WEB[0]
WARNING: [Synth 8-3331] design blk_mem_gen_prim_wrapper_init__parameterized6 has unconnected port DINB[8]
WARNING: [Synth 8-3331] design blk_mem_gen_prim_wrapper_init__parameterized6 has unconnected port DINB[7]
WARNING: [Synth 8-3331] design blk_mem_gen_prim_wrapper_init__parameterized6 has unconnected port DINB[6]
WARNING: [Synth 8-3331] design blk_mem_gen_prim_wrapper_init__parameterized6 has unconnected port DINB[5]
WARNING: [Synth 8-3331] design blk_mem_gen_prim_wrapper_init__parameterized6 has unconnected port DINB[4]
WARNING: [Synth 8-3331] design blk_mem_gen_prim_wrapper_init__parameterized6 has unconnected port DINB[3]
WARNING: [Synth 8-3331] design blk_mem_gen_prim_wrapper_init__parameterized6 has unconnected port DINB[2]
WARNING: [Synth 8-3331] design blk_mem_gen_prim_wrapper_init__parameterized6 has unconnected port DINB[1]
WARNING: [Synth 8-3331] design blk_mem_gen_prim_wrapper_init__parameterized6 has unconnected port DINB[0]
WARNING: [Synth 8-3331] design blk_mem_gen_prim_wrapper_init__parameterized6 has unconnected port SLEEP
WARNING: [Synth 8-3331] design blk_mem_gen_prim_wrapper_init__parameterized6 has unconnected port INJECTSBITERR
WARNING: [Synth 8-3331] design blk_mem_gen_prim_wrapper_init__parameterized6 has unconnected port INJECTDBITERR
WARNING: [Synth 8-3331] design blk_mem_gen_prim_wrapper_init__parameterized6 has unconnected port ECCPIPECE
WARNING: [Synth 8-3331] design blk_mem_gen_prim_wrapper_init__parameterized5 has unconnected port SSRA
WARNING: [Synth 8-3331] design blk_mem_gen_prim_wrapper_init__parameterized5 has unconnected port REGCEA
WARNING: [Synth 8-3331] design blk_mem_gen_prim_wrapper_init__parameterized5 has unconnected port SSRB
WARNING: [Synth 8-3331] design blk_mem_gen_prim_wrapper_init__parameterized5 has unconnected port WEB[0]
WARNING: [Synth 8-3331] design blk_mem_gen_prim_wrapper_init__parameterized5 has unconnected port DINB[8]
WARNING: [Synth 8-3331] design blk_mem_gen_prim_wrapper_init__parameterized5 has unconnected port DINB[7]
WARNING: [Synth 8-3331] design blk_mem_gen_prim_wrapper_init__parameterized5 has unconnected port DINB[6]
WARNING: [Synth 8-3331] design blk_mem_gen_prim_wrapper_init__parameterized5 has unconnected port DINB[5]
WARNING: [Synth 8-3331] design blk_mem_gen_prim_wrapper_init__parameterized5 has unconnected port DINB[4]
WARNING: [Synth 8-3331] design blk_mem_gen_prim_wrapper_init__parameterized5 has unconnected port DINB[3]
WARNING: [Synth 8-3331] design blk_mem_gen_prim_wrapper_init__parameterized5 has unconnected port DINB[2]
WARNING: [Synth 8-3331] design blk_mem_gen_prim_wrapper_init__parameterized5 has unconnected port DINB[1]
WARNING: [Synth 8-3331] design blk_mem_gen_prim_wrapper_init__parameterized5 has unconnected port DINB[0]
WARNING: [Synth 8-3331] design blk_mem_gen_prim_wrapper_init__parameterized5 has unconnected port SLEEP
WARNING: [Synth 8-3331] design blk_mem_gen_prim_wrapper_init__parameterized5 has unconnected port INJECTSBITERR
WARNING: [Synth 8-3331] design blk_mem_gen_prim_wrapper_init__parameterized5 has unconnected port INJECTDBITERR
WARNING: [Synth 8-3331] design blk_mem_gen_prim_wrapper_init__parameterized5 has unconnected port ECCPIPECE
WARNING: [Synth 8-3331] design blk_mem_gen_prim_wrapper_init__parameterized4 has unconnected port SSRA
WARNING: [Synth 8-3331] design blk_mem_gen_prim_wrapper_init__parameterized4 has unconnected port REGCEA
WARNING: [Synth 8-3331] design blk_mem_gen_prim_wrapper_init__parameterized4 has unconnected port SSRB
WARNING: [Synth 8-3331] design blk_mem_gen_prim_wrapper_init__parameterized4 has unconnected port WEB[0]
WARNING: [Synth 8-3331] design blk_mem_gen_prim_wrapper_init__parameterized4 has unconnected port DINB[8]
WARNING: [Synth 8-3331] design blk_mem_gen_prim_wrapper_init__parameterized4 has unconnected port DINB[7]
WARNING: [Synth 8-3331] design blk_mem_gen_prim_wrapper_init__parameterized4 has unconnected port DINB[6]
WARNING: [Synth 8-3331] design blk_mem_gen_prim_wrapper_init__parameterized4 has unconnected port DINB[5]
WARNING: [Synth 8-3331] design blk_mem_gen_prim_wrapper_init__parameterized4 has unconnected port DINB[4]
WARNING: [Synth 8-3331] design blk_mem_gen_prim_wrapper_init__parameterized4 has unconnected port DINB[3]
WARNING: [Synth 8-3331] design blk_mem_gen_prim_wrapper_init__parameterized4 has unconnected port DINB[2]
WARNING: [Synth 8-3331] design blk_mem_gen_prim_wrapper_init__parameterized4 has unconnected port DINB[1]
WARNING: [Synth 8-3331] design blk_mem_gen_prim_wrapper_init__parameterized4 has unconnected port DINB[0]
WARNING: [Synth 8-3331] design blk_mem_gen_prim_wrapper_init__parameterized4 has unconnected port SLEEP
WARNING: [Synth 8-3331] design blk_mem_gen_prim_wrapper_init__parameterized4 has unconnected port INJECTSBITERR
WARNING: [Synth 8-3331] design blk_mem_gen_prim_wrapper_init__parameterized4 has unconnected port INJECTDBITERR
WARNING: [Synth 8-3331] design blk_mem_gen_prim_wrapper_init__parameterized4 has unconnected port ECCPIPECE
WARNING: [Synth 8-3331] design blk_mem_gen_prim_wrapper_init__parameterized3 has unconnected port SSRA
INFO: [Common 17-14] Message 'Synth 8-3331' appears 100 times and further instances of the messages will be disabled. Use the Tcl command set_msg_config to change the current settings.
---------------------------------------------------------------------------------
Finished RTL Elaboration : Time (s): cpu = 00:00:04 ; elapsed = 00:00:19 . Memory (MB): peak = 1468.090 ; gain = 556.492
---------------------------------------------------------------------------------

Report Check Netlist: 
+------+------------------+-------+---------+-------+------------------+
|      |Item              |Errors |Warnings |Status |Description       |
+------+------------------+-------+---------+-------+------------------+
|1     |multi_driven_nets |      0|        0|Passed |Multi driven nets |
+------+------------------+-------+---------+-------+------------------+
---------------------------------------------------------------------------------
Start Handling Custom Attributes
---------------------------------------------------------------------------------
---------------------------------------------------------------------------------
Finished Handling Custom Attributes : Time (s): cpu = 00:00:04 ; elapsed = 00:00:19 . Memory (MB): peak = 1468.090 ; gain = 556.492
---------------------------------------------------------------------------------
---------------------------------------------------------------------------------
Finished RTL Optimization Phase 1 : Time (s): cpu = 00:00:04 ; elapsed = 00:00:19 . Memory (MB): peak = 1468.090 ; gain = 556.492
---------------------------------------------------------------------------------
Netlist sorting complete. Time (s): cpu = 00:00:00 ; elapsed = 00:00:00.018 . Memory (MB): peak = 1468.090 ; gain = 0.000
INFO: [Netlist 29-17] Analyzing 8 Unisim elements for replacement
INFO: [Netlist 29-28] Unisim Transformation completed in 0 CPU seconds
INFO: [Project 1-570] Preparing netlist for logic optimization

Processing XDC Constraints
Initializing timing engine
Parsing XDC File [c:/Users/76296/Desktop/ddr4_ex/ddr4_ex.srcs/sources_1/ip/axi_bram/axi_bram_ooc.xdc] for cell 'U0'
Finished Parsing XDC File [c:/Users/76296/Desktop/ddr4_ex/ddr4_ex.srcs/sources_1/ip/axi_bram/axi_bram_ooc.xdc] for cell 'U0'
Parsing XDC File [C:/Users/76296/Desktop/CGRA_On_RISCV/src/project_1/project_1.runs/axi_bram_synth_1/dont_touch.xdc]
Finished Parsing XDC File [C:/Users/76296/Desktop/CGRA_On_RISCV/src/project_1/project_1.runs/axi_bram_synth_1/dont_touch.xdc]
Completed Processing XDC Constraints

Netlist sorting complete. Time (s): cpu = 00:00:00 ; elapsed = 00:00:00 . Memory (MB): peak = 1468.090 ; gain = 0.000
INFO: [Project 1-111] Unisim Transformation Summary:
No Unisim elements were transformed.

Constraint Validation Runtime : Time (s): cpu = 00:00:00 ; elapsed = 00:00:00.031 . Memory (MB): peak = 1468.090 ; gain = 0.000
---------------------------------------------------------------------------------
Finished Constraint Validation : Time (s): cpu = 00:00:05 ; elapsed = 00:00:24 . Memory (MB): peak = 1468.090 ; gain = 556.492
---------------------------------------------------------------------------------
---------------------------------------------------------------------------------
Start Loading Part and Timing Information
---------------------------------------------------------------------------------
Loading part: xc7vx485tffg1157-1
---------------------------------------------------------------------------------
Finished Loading Part and Timing Information : Time (s): cpu = 00:00:05 ; elapsed = 00:00:24 . Memory (MB): peak = 1468.090 ; gain = 556.492
---------------------------------------------------------------------------------
---------------------------------------------------------------------------------
Start Applying 'set_property' XDC Constraints
---------------------------------------------------------------------------------
Applied set_property DONT_TOUCH = true for U0. (constraint file  C:/Users/76296/Desktop/CGRA_On_RISCV/src/project_1/project_1.runs/axi_bram_synth_1/dont_touch.xdc, line 9).
---------------------------------------------------------------------------------
Finished applying 'set_property' XDC Constraints : Time (s): cpu = 00:00:05 ; elapsed = 00:00:24 . Memory (MB): peak = 1468.090 ; gain = 556.492
---------------------------------------------------------------------------------
INFO: [Synth 8-802] inferred FSM for state register 'gaxi_full_sm.present_state_reg' in module 'blk_mem_axi_write_fsm'
INFO: [Synth 8-802] inferred FSM for state register 'gaxi_full_sm.present_state_reg' in module 'blk_mem_axi_read_fsm'
---------------------------------------------------------------------------------------------------
                   State |                     New Encoding |                Previous Encoding 
---------------------------------------------------------------------------------------------------
             wait_wraddr |                               00 |                               00
                   os_wr |                               01 |                               10
              reg_wraddr |                               10 |                               01
                  wr_mem |                               11 |                               11
---------------------------------------------------------------------------------------------------
INFO: [Synth 8-3354] encoded FSM with state register 'gaxi_full_sm.present_state_reg' using encoding 'sequential' in module 'blk_mem_axi_write_fsm'
---------------------------------------------------------------------------------------------------
                   State |                     New Encoding |                Previous Encoding 
---------------------------------------------------------------------------------------------------
             wait_rdaddr |                               00 |                               00
                  rd_mem |                               01 |                               11
              reg_rdaddr |                               10 |                               01
                   os_rd |                               11 |                               10
---------------------------------------------------------------------------------------------------
INFO: [Synth 8-3354] encoded FSM with state register 'gaxi_full_sm.present_state_reg' using encoding 'sequential' in module 'blk_mem_axi_read_fsm'
---------------------------------------------------------------------------------
Finished RTL Optimization Phase 2 : Time (s): cpu = 00:00:06 ; elapsed = 00:00:25 . Memory (MB): peak = 1468.090 ; gain = 556.492
---------------------------------------------------------------------------------

Report RTL Partitions: 
+-+--------------+------------+----------+
| |RTL Partition |Replication |Instances |
+-+--------------+------------+----------+
+-+--------------+------------+----------+
---------------------------------------------------------------------------------
Start RTL Component Statistics 
---------------------------------------------------------------------------------
Detailed RTL Component Info : 
+---Adders : 
	   2 Input     13 Bit       Adders := 2     
	   2 Input      8 Bit       Adders := 3     
	   2 Input      3 Bit       Adders := 4     
	   2 Input      2 Bit       Adders := 2     
+---XORs : 
	   2 Input      1 Bit         XORs := 16    
+---Registers : 
	               15 Bit    Registers := 4     
	               13 Bit    Registers := 2     
	                8 Bit    Registers := 2     
	                6 Bit    Registers := 2     
	                5 Bit    Registers := 16    
	                4 Bit    Registers := 3     
	                3 Bit    Registers := 1     
	                2 Bit    Registers := 3     
	                1 Bit    Registers := 74    
+---Muxes : 
	   4 Input     32 Bit        Muxes := 2     
	   2 Input     15 Bit        Muxes := 5     
	   3 Input     15 Bit        Muxes := 2     
	   2 Input     13 Bit        Muxes := 2     
	   2 Input      8 Bit        Muxes := 3     
	   2 Input      7 Bit        Muxes := 6     
	   6 Input      6 Bit        Muxes := 2     
	   7 Input      6 Bit        Muxes := 2     
	   2 Input      4 Bit        Muxes := 1     
	   2 Input      3 Bit        Muxes := 6     
	   4 Input      2 Bit        Muxes := 4     
	   2 Input      2 Bit        Muxes := 11    
	   2 Input      1 Bit        Muxes := 56    
	   3 Input      1 Bit        Muxes := 5     
	   4 Input      1 Bit        Muxes := 7     
---------------------------------------------------------------------------------
Finished RTL Component Statistics 
---------------------------------------------------------------------------------
---------------------------------------------------------------------------------
Start RTL Hierarchical Component Statistics 
---------------------------------------------------------------------------------
Hierarchical RTL Component report 
Module blk_mem_axi_write_fsm 
Detailed RTL Component Info : 
+---Registers : 
	                1 Bit    Registers := 2     
+---Muxes : 
	   4 Input      2 Bit        Muxes := 1     
	   2 Input      2 Bit        Muxes := 8     
	   2 Input      1 Bit        Muxes := 3     
	   3 Input      1 Bit        Muxes := 1     
	   4 Input      1 Bit        Muxes := 2     
Module blk_mem_axi_write_wrapper 
Detailed RTL Component Info : 
+---Adders : 
	   2 Input     13 Bit       Adders := 1     
	   2 Input      8 Bit       Adders := 1     
	   2 Input      3 Bit       Adders := 2     
	   2 Input      2 Bit       Adders := 2     
+---Registers : 
	               15 Bit    Registers := 2     
	               13 Bit    Registers := 1     
	                8 Bit    Registers := 1     
	                6 Bit    Registers := 1     
	                4 Bit    Registers := 1     
	                3 Bit    Registers := 1     
	                2 Bit    Registers := 1     
	                1 Bit    Registers := 3     
+---Muxes : 
	   2 Input     15 Bit        Muxes := 2     
	   3 Input     15 Bit        Muxes := 1     
	   2 Input     13 Bit        Muxes := 1     
	   2 Input      8 Bit        Muxes := 1     
	   2 Input      7 Bit        Muxes := 3     
	   6 Input      6 Bit        Muxes := 1     
	   7 Input      6 Bit        Muxes := 1     
	   2 Input      3 Bit        Muxes := 2     
	   2 Input      2 Bit        Muxes := 1     
	   2 Input      1 Bit        Muxes := 20    
Module bindec 
Detailed RTL Component Info : 
+---Muxes : 
	   2 Input      1 Bit        Muxes := 4     
Module blk_mem_gen_mux 
Detailed RTL Component Info : 
+---Registers : 
	                2 Bit    Registers := 1     
+---Muxes : 
	   4 Input     32 Bit        Muxes := 1     
Module blk_mem_gen_mux__parameterized0 
Detailed RTL Component Info : 
+---Registers : 
	                2 Bit    Registers := 1     
+---Muxes : 
	   4 Input     32 Bit        Muxes := 1     
Module blk_mem_gen_prim_width 
Detailed RTL Component Info : 
+---XORs : 
	   2 Input      1 Bit         XORs := 2     
+---Registers : 
	                5 Bit    Registers := 2     
	                1 Bit    Registers := 8     
Module blk_mem_gen_prim_width__parameterized0 
Detailed RTL Component Info : 
+---XORs : 
	   2 Input      1 Bit         XORs := 2     
+---Registers : 
	                5 Bit    Registers := 2     
	                1 Bit    Registers := 8     
Module blk_mem_gen_prim_width__parameterized1 
Detailed RTL Component Info : 
+---XORs : 
	   2 Input      1 Bit         XORs := 2     
+---Registers : 
	                5 Bit    Registers := 2     
	                1 Bit    Registers := 8     
Module blk_mem_gen_prim_width__parameterized2 
Detailed RTL Component Info : 
+---XORs : 
	   2 Input      1 Bit         XORs := 2     
+---Registers : 
	                5 Bit    Registers := 2     
	                1 Bit    Registers := 8     
Module blk_mem_gen_prim_width__parameterized3 
Detailed RTL Component Info : 
+---XORs : 
	   2 Input      1 Bit         XORs := 2     
+---Registers : 
	                5 Bit    Registers := 2     
	                1 Bit    Registers := 8     
Module blk_mem_gen_prim_width__parameterized4 
Detailed RTL Component Info : 
+---XORs : 
	   2 Input      1 Bit         XORs := 2     
+---Registers : 
	                5 Bit    Registers := 2     
	                1 Bit    Registers := 8     
Module blk_mem_gen_prim_width__parameterized5 
Detailed RTL Component Info : 
+---XORs : 
	   2 Input      1 Bit         XORs := 2     
+---Registers : 
	                5 Bit    Registers := 2     
	                1 Bit    Registers := 8     
Module blk_mem_gen_prim_width__parameterized6 
Detailed RTL Component Info : 
+---XORs : 
	   2 Input      1 Bit         XORs := 2     
+---Registers : 
	                5 Bit    Registers := 2     
	                1 Bit    Registers := 8     
Module blk_mem_axi_read_fsm 
Detailed RTL Component Info : 
+---Registers : 
	                1 Bit    Registers := 4     
+---Muxes : 
	   4 Input      2 Bit        Muxes := 3     
	   2 Input      2 Bit        Muxes := 2     
	   2 Input      1 Bit        Muxes := 3     
	   4 Input      1 Bit        Muxes := 5     
	   3 Input      1 Bit        Muxes := 4     
Module blk_mem_axi_read_wrapper 
Detailed RTL Component Info : 
+---Adders : 
	   2 Input     13 Bit       Adders := 1     
	   2 Input      8 Bit       Adders := 2     
	   2 Input      3 Bit       Adders := 2     
+---Registers : 
	               15 Bit    Registers := 2     
	               13 Bit    Registers := 1     
	                8 Bit    Registers := 1     
	                6 Bit    Registers := 1     
	                4 Bit    Registers := 2     
	                1 Bit    Registers := 1     
+---Muxes : 
	   2 Input     15 Bit        Muxes := 3     
	   3 Input     15 Bit        Muxes := 1     
	   2 Input     13 Bit        Muxes := 1     
	   2 Input      8 Bit        Muxes := 2     
	   2 Input      7 Bit        Muxes := 3     
	   6 Input      6 Bit        Muxes := 1     
	   7 Input      6 Bit        Muxes := 1     
	   2 Input      4 Bit        Muxes := 1     
	   2 Input      3 Bit        Muxes := 4     
	   2 Input      1 Bit        Muxes := 22    
---------------------------------------------------------------------------------
Finished RTL Hierarchical Component Statistics
---------------------------------------------------------------------------------
---------------------------------------------------------------------------------
Start Part Resource Summary
---------------------------------------------------------------------------------
Part Resources:
DSPs: 2800 (col length:140)
BRAMs: 2060 (col length: RAMB18 140 RAMB36 70)
---------------------------------------------------------------------------------
Finished Part Resource Summary
---------------------------------------------------------------------------------
---------------------------------------------------------------------------------
Start Cross Boundary and Area Optimization
---------------------------------------------------------------------------------
Warning: Parallel synthesis criteria is not met 
INFO: [Synth 8-3333] propagating constant 0 across sequential element (U0/\inst_blk_mem_gen/gnbram.gaxibmg.axi_rd_sm/gaxi_full_sm.gaxifull_mem_slave.addr_cnt_enb_r_reg[0] )
INFO: [Synth 8-3886] merging instance 'U0/inst_blk_mem_gen/gnbram.gaxibmg.axi_blk_mem_gen/valid.cstr/ramloop[0].ram.r/SAFETY_CKT_GEN.RSTB_SHFT_REG_reg[0]' (FDS) to 'U0/inst_blk_mem_gen/gnbram.gaxibmg.axi_blk_mem_gen/valid.cstr/ramloop[0].ram.r/SAFETY_CKT_GEN.RSTA_SHFT_REG_reg[0]'
INFO: [Synth 8-3886] merging instance 'U0/inst_blk_mem_gen/gnbram.gaxibmg.axi_blk_mem_gen/valid.cstr/ramloop[1].ram.r/SAFETY_CKT_GEN.RSTB_SHFT_REG_reg[0]' (FDS) to 'U0/inst_blk_mem_gen/gnbram.gaxibmg.axi_blk_mem_gen/valid.cstr/ramloop[0].ram.r/SAFETY_CKT_GEN.RSTA_SHFT_REG_reg[0]'
INFO: [Synth 8-3886] merging instance 'U0/inst_blk_mem_gen/gnbram.gaxibmg.axi_blk_mem_gen/valid.cstr/ramloop[2].ram.r/SAFETY_CKT_GEN.RSTB_SHFT_REG_reg[0]' (FDS) to 'U0/inst_blk_mem_gen/gnbram.gaxibmg.axi_blk_mem_gen/valid.cstr/ramloop[0].ram.r/SAFETY_CKT_GEN.RSTA_SHFT_REG_reg[0]'
INFO: [Synth 8-3886] merging instance 'U0/inst_blk_mem_gen/gnbram.gaxibmg.axi_blk_mem_gen/valid.cstr/ramloop[3].ram.r/SAFETY_CKT_GEN.RSTB_SHFT_REG_reg[0]' (FDS) to 'U0/inst_blk_mem_gen/gnbram.gaxibmg.axi_blk_mem_gen/valid.cstr/ramloop[0].ram.r/SAFETY_CKT_GEN.RSTA_SHFT_REG_reg[0]'
INFO: [Synth 8-3886] merging instance 'U0/inst_blk_mem_gen/gnbram.gaxibmg.axi_blk_mem_gen/valid.cstr/ramloop[4].ram.r/SAFETY_CKT_GEN.RSTB_SHFT_REG_reg[0]' (FDS) to 'U0/inst_blk_mem_gen/gnbram.gaxibmg.axi_blk_mem_gen/valid.cstr/ramloop[0].ram.r/SAFETY_CKT_GEN.RSTA_SHFT_REG_reg[0]'
INFO: [Synth 8-3886] merging instance 'U0/inst_blk_mem_gen/gnbram.gaxibmg.axi_blk_mem_gen/valid.cstr/ramloop[5].ram.r/SAFETY_CKT_GEN.RSTB_SHFT_REG_reg[0]' (FDS) to 'U0/inst_blk_mem_gen/gnbram.gaxibmg.axi_blk_mem_gen/valid.cstr/ramloop[0].ram.r/SAFETY_CKT_GEN.RSTA_SHFT_REG_reg[0]'
INFO: [Synth 8-3886] merging instance 'U0/inst_blk_mem_gen/gnbram.gaxibmg.axi_blk_mem_gen/valid.cstr/ramloop[6].ram.r/SAFETY_CKT_GEN.RSTB_SHFT_REG_reg[0]' (FDS) to 'U0/inst_blk_mem_gen/gnbram.gaxibmg.axi_blk_mem_gen/valid.cstr/ramloop[0].ram.r/SAFETY_CKT_GEN.RSTA_SHFT_REG_reg[0]'
INFO: [Synth 8-3886] merging instance 'U0/inst_blk_mem_gen/gnbram.gaxibmg.axi_blk_mem_gen/valid.cstr/ramloop[7].ram.r/SAFETY_CKT_GEN.RSTB_SHFT_REG_reg[0]' (FDS) to 'U0/inst_blk_mem_gen/gnbram.gaxibmg.axi_blk_mem_gen/valid.cstr/ramloop[0].ram.r/SAFETY_CKT_GEN.RSTA_SHFT_REG_reg[0]'
INFO: [Synth 8-3886] merging instance 'U0/inst_blk_mem_gen/gnbram.gaxibmg.axi_blk_mem_gen/valid.cstr/ramloop[0].ram.r/SAFETY_CKT_GEN.RSTA_SHFT_REG_reg[0]' (FDS) to 'U0/inst_blk_mem_gen/gnbram.gaxibmg.axi_blk_mem_gen/valid.cstr/ramloop[1].ram.r/SAFETY_CKT_GEN.RSTA_SHFT_REG_reg[0]'
INFO: [Synth 8-3886] merging instance 'U0/inst_blk_mem_gen/gnbram.gaxibmg.axi_blk_mem_gen/valid.cstr/ramloop[1].ram.r/SAFETY_CKT_GEN.RSTA_SHFT_REG_reg[0]' (FDS) to 'U0/inst_blk_mem_gen/gnbram.gaxibmg.axi_blk_mem_gen/valid.cstr/ramloop[2].ram.r/SAFETY_CKT_GEN.RSTA_SHFT_REG_reg[0]'
INFO: [Synth 8-3886] merging instance 'U0/inst_blk_mem_gen/gnbram.gaxibmg.axi_blk_mem_gen/valid.cstr/ramloop[2].ram.r/SAFETY_CKT_GEN.RSTA_SHFT_REG_reg[0]' (FDS) to 'U0/inst_blk_mem_gen/gnbram.gaxibmg.axi_blk_mem_gen/valid.cstr/ramloop[3].ram.r/SAFETY_CKT_GEN.RSTA_SHFT_REG_reg[0]'
INFO: [Synth 8-3886] merging instance 'U0/inst_blk_mem_gen/gnbram.gaxibmg.axi_blk_mem_gen/valid.cstr/ramloop[3].ram.r/SAFETY_CKT_GEN.RSTA_SHFT_REG_reg[0]' (FDS) to 'U0/inst_blk_mem_gen/gnbram.gaxibmg.axi_blk_mem_gen/valid.cstr/ramloop[4].ram.r/SAFETY_CKT_GEN.RSTA_SHFT_REG_reg[0]'
INFO: [Synth 8-3886] merging instance 'U0/inst_blk_mem_gen/gnbram.gaxibmg.axi_blk_mem_gen/valid.cstr/ramloop[4].ram.r/SAFETY_CKT_GEN.RSTA_SHFT_REG_reg[0]' (FDS) to 'U0/inst_blk_mem_gen/gnbram.gaxibmg.axi_blk_mem_gen/valid.cstr/ramloop[5].ram.r/SAFETY_CKT_GEN.RSTA_SHFT_REG_reg[0]'
INFO: [Synth 8-3886] merging instance 'U0/inst_blk_mem_gen/gnbram.gaxibmg.axi_blk_mem_gen/valid.cstr/ramloop[5].ram.r/SAFETY_CKT_GEN.RSTA_SHFT_REG_reg[0]' (FDS) to 'U0/inst_blk_mem_gen/gnbram.gaxibmg.axi_blk_mem_gen/valid.cstr/ramloop[6].ram.r/SAFETY_CKT_GEN.RSTA_SHFT_REG_reg[0]'
INFO: [Synth 8-3886] merging instance 'U0/inst_blk_mem_gen/gnbram.gaxibmg.axi_blk_mem_gen/valid.cstr/ramloop[6].ram.r/SAFETY_CKT_GEN.RSTA_SHFT_REG_reg[0]' (FDS) to 'U0/inst_blk_mem_gen/gnbram.gaxibmg.axi_blk_mem_gen/valid.cstr/ramloop[7].ram.r/SAFETY_CKT_GEN.RSTA_SHFT_REG_reg[0]'
INFO: [Synth 8-3886] merging instance 'U0/inst_blk_mem_gen/gnbram.gaxibmg.axi_rd_sm/gaxi_full_sm.gaxifull_mem_slave.addr_cnt_enb_r_reg[7]' (FDRE) to 'U0/inst_blk_mem_gen/gnbram.gaxibmg.axi_rd_sm/gaxi_full_sm.gaxifull_mem_slave.addr_cnt_enb_r_reg[8]'
INFO: [Synth 8-3886] merging instance 'U0/inst_blk_mem_gen/gnbram.gaxibmg.axi_rd_sm/gaxi_full_sm.gaxifull_mem_slave.addr_cnt_enb_r_reg[8]' (FDRE) to 'U0/inst_blk_mem_gen/gnbram.gaxibmg.axi_rd_sm/gaxi_full_sm.gaxifull_mem_slave.addr_cnt_enb_r_reg[9]'
INFO: [Synth 8-3886] merging instance 'U0/inst_blk_mem_gen/gnbram.gaxibmg.axi_rd_sm/gaxi_full_sm.gaxifull_mem_slave.addr_cnt_enb_r_reg[9]' (FDRE) to 'U0/inst_blk_mem_gen/gnbram.gaxibmg.axi_rd_sm/gaxi_full_sm.gaxifull_mem_slave.addr_cnt_enb_r_reg[10]'
INFO: [Synth 8-3886] merging instance 'U0/inst_blk_mem_gen/gnbram.gaxibmg.axi_rd_sm/gaxi_full_sm.gaxifull_mem_slave.addr_cnt_enb_r_reg[10]' (FDRE) to 'U0/inst_blk_mem_gen/gnbram.gaxibmg.axi_rd_sm/gaxi_full_sm.gaxifull_mem_slave.addr_cnt_enb_r_reg[11]'
INFO: [Synth 8-3886] merging instance 'U0/inst_blk_mem_gen/gnbram.gaxibmg.axi_rd_sm/gaxi_full_sm.gaxifull_mem_slave.addr_cnt_enb_r_reg[11]' (FDRE) to 'U0/inst_blk_mem_gen/gnbram.gaxibmg.axi_rd_sm/gaxi_full_sm.gaxifull_mem_slave.addr_cnt_enb_r_reg[12]'
INFO: [Synth 8-3886] merging instance 'U0/inst_blk_mem_gen/gnbram.gaxibmg.axi_rd_sm/gaxi_full_sm.gaxifull_mem_slave.addr_cnt_enb_r_reg[12]' (FDRE) to 'U0/inst_blk_mem_gen/gnbram.gaxibmg.axi_rd_sm/gaxi_full_sm.gaxifull_mem_slave.addr_cnt_enb_r_reg[13]'
INFO: [Synth 8-3886] merging instance 'U0/inst_blk_mem_gen/gnbram.gaxibmg.axi_wr_fsm/gaxif_ms_addr_gen.addr_cnt_enb_reg[7]' (FDRE) to 'U0/inst_blk_mem_gen/gnbram.gaxibmg.axi_wr_fsm/gaxif_ms_addr_gen.addr_cnt_enb_reg[14]'
INFO: [Synth 8-3886] merging instance 'U0/inst_blk_mem_gen/gnbram.gaxibmg.axi_wr_fsm/gaxif_ms_addr_gen.addr_cnt_enb_reg[8]' (FDRE) to 'U0/inst_blk_mem_gen/gnbram.gaxibmg.axi_wr_fsm/gaxif_ms_addr_gen.addr_cnt_enb_reg[14]'
INFO: [Synth 8-3886] merging instance 'U0/inst_blk_mem_gen/gnbram.gaxibmg.axi_wr_fsm/gaxif_ms_addr_gen.addr_cnt_enb_reg[9]' (FDRE) to 'U0/inst_blk_mem_gen/gnbram.gaxibmg.axi_wr_fsm/gaxif_ms_addr_gen.addr_cnt_enb_reg[14]'
INFO: [Synth 8-3886] merging instance 'U0/inst_blk_mem_gen/gnbram.gaxibmg.axi_wr_fsm/gaxif_ms_addr_gen.addr_cnt_enb_reg[10]' (FDRE) to 'U0/inst_blk_mem_gen/gnbram.gaxibmg.axi_wr_fsm/gaxif_ms_addr_gen.addr_cnt_enb_reg[14]'
INFO: [Synth 8-3886] merging instance 'U0/inst_blk_mem_gen/gnbram.gaxibmg.axi_wr_fsm/gaxif_ms_addr_gen.addr_cnt_enb_reg[11]' (FDRE) to 'U0/inst_blk_mem_gen/gnbram.gaxibmg.axi_wr_fsm/gaxif_ms_addr_gen.addr_cnt_enb_reg[14]'
INFO: [Synth 8-3886] merging instance 'U0/inst_blk_mem_gen/gnbram.gaxibmg.axi_wr_fsm/gaxif_ms_addr_gen.addr_cnt_enb_reg[12]' (FDRE) to 'U0/inst_blk_mem_gen/gnbram.gaxibmg.axi_wr_fsm/gaxif_ms_addr_gen.addr_cnt_enb_reg[14]'
INFO: [Synth 8-3886] merging instance 'U0/inst_blk_mem_gen/gnbram.gaxibmg.axi_wr_fsm/gaxif_ms_addr_gen.addr_cnt_enb_reg[14]' (FDRE) to 'U0/inst_blk_mem_gen/gnbram.gaxibmg.axi_wr_fsm/gaxif_ms_addr_gen.addr_cnt_enb_reg[13]'
INFO: [Synth 8-3886] merging instance 'U0/inst_blk_mem_gen/gnbram.gaxibmg.axi_rd_sm/gaxi_full_sm.gaxifull_mem_slave.addr_cnt_enb_r_reg[13]' (FDRE) to 'U0/inst_blk_mem_gen/gnbram.gaxibmg.axi_rd_sm/gaxi_full_sm.gaxifull_mem_slave.addr_cnt_enb_r_reg[14]'
INFO: [Synth 8-3886] merging instance 'U0/inst_blk_mem_gen/gnbram.gaxibmg.axi_blk_mem_gen/valid.cstr/ramloop[0].ram.r/SAFETY_CKT_GEN.RSTB_SHFT_REG_reg[1]' (FD) to 'U0/inst_blk_mem_gen/gnbram.gaxibmg.axi_blk_mem_gen/valid.cstr/ramloop[6].ram.r/SAFETY_CKT_GEN.RSTA_SHFT_REG_reg[1]'
INFO: [Synth 8-3886] merging instance 'U0/inst_blk_mem_gen/gnbram.gaxibmg.axi_blk_mem_gen/valid.cstr/ramloop[1].ram.r/SAFETY_CKT_GEN.RSTB_SHFT_REG_reg[1]' (FD) to 'U0/inst_blk_mem_gen/gnbram.gaxibmg.axi_blk_mem_gen/valid.cstr/ramloop[6].ram.r/SAFETY_CKT_GEN.RSTA_SHFT_REG_reg[1]'
INFO: [Synth 8-3886] merging instance 'U0/inst_blk_mem_gen/gnbram.gaxibmg.axi_blk_mem_gen/valid.cstr/ramloop[2].ram.r/SAFETY_CKT_GEN.RSTB_SHFT_REG_reg[1]' (FD) to 'U0/inst_blk_mem_gen/gnbram.gaxibmg.axi_blk_mem_gen/valid.cstr/ramloop[6].ram.r/SAFETY_CKT_GEN.RSTA_SHFT_REG_reg[1]'
INFO: [Synth 8-3886] merging instance 'U0/inst_blk_mem_gen/gnbram.gaxibmg.axi_blk_mem_gen/valid.cstr/ramloop[3].ram.r/SAFETY_CKT_GEN.RSTB_SHFT_REG_reg[1]' (FD) to 'U0/inst_blk_mem_gen/gnbram.gaxibmg.axi_blk_mem_gen/valid.cstr/ramloop[6].ram.r/SAFETY_CKT_GEN.RSTA_SHFT_REG_reg[1]'
INFO: [Synth 8-3886] merging instance 'U0/inst_blk_mem_gen/gnbram.gaxibmg.axi_blk_mem_gen/valid.cstr/ramloop[4].ram.r/SAFETY_CKT_GEN.RSTB_SHFT_REG_reg[1]' (FD) to 'U0/inst_blk_mem_gen/gnbram.gaxibmg.axi_blk_mem_gen/valid.cstr/ramloop[6].ram.r/SAFETY_CKT_GEN.RSTA_SHFT_REG_reg[1]'
INFO: [Synth 8-3886] merging instance 'U0/inst_blk_mem_gen/gnbram.gaxibmg.axi_blk_mem_gen/valid.cstr/ramloop[5].ram.r/SAFETY_CKT_GEN.RSTB_SHFT_REG_reg[1]' (FD) to 'U0/inst_blk_mem_gen/gnbram.gaxibmg.axi_blk_mem_gen/valid.cstr/ramloop[6].ram.r/SAFETY_CKT_GEN.RSTA_SHFT_REG_reg[1]'
INFO: [Synth 8-3886] merging instance 'U0/inst_blk_mem_gen/gnbram.gaxibmg.axi_blk_mem_gen/valid.cstr/ramloop[6].ram.r/SAFETY_CKT_GEN.RSTB_SHFT_REG_reg[1]' (FD) to 'U0/inst_blk_mem_gen/gnbram.gaxibmg.axi_blk_mem_gen/valid.cstr/ramloop[6].ram.r/SAFETY_CKT_GEN.RSTA_SHFT_REG_reg[1]'
INFO: [Synth 8-3886] merging instance 'U0/inst_blk_mem_gen/gnbram.gaxibmg.axi_blk_mem_gen/valid.cstr/ramloop[7].ram.r/SAFETY_CKT_GEN.RSTB_SHFT_REG_reg[1]' (FD) to 'U0/inst_blk_mem_gen/gnbram.gaxibmg.axi_blk_mem_gen/valid.cstr/ramloop[6].ram.r/SAFETY_CKT_GEN.RSTA_SHFT_REG_reg[1]'
INFO: [Synth 8-3886] merging instance 'U0/inst_blk_mem_gen/gnbram.gaxibmg.axi_blk_mem_gen/valid.cstr/ramloop[0].ram.r/SAFETY_CKT_GEN.RSTA_SHFT_REG_reg[1]' (FD) to 'U0/inst_blk_mem_gen/gnbram.gaxibmg.axi_blk_mem_gen/valid.cstr/ramloop[6].ram.r/SAFETY_CKT_GEN.RSTA_SHFT_REG_reg[1]'
INFO: [Synth 8-3886] merging instance 'U0/inst_blk_mem_gen/gnbram.gaxibmg.axi_blk_mem_gen/valid.cstr/ramloop[1].ram.r/SAFETY_CKT_GEN.RSTA_SHFT_REG_reg[1]' (FD) to 'U0/inst_blk_mem_gen/gnbram.gaxibmg.axi_blk_mem_gen/valid.cstr/ramloop[6].ram.r/SAFETY_CKT_GEN.RSTA_SHFT_REG_reg[1]'
INFO: [Synth 8-3886] merging instance 'U0/inst_blk_mem_gen/gnbram.gaxibmg.axi_blk_mem_gen/valid.cstr/ramloop[2].ram.r/SAFETY_CKT_GEN.RSTA_SHFT_REG_reg[1]' (FD) to 'U0/inst_blk_mem_gen/gnbram.gaxibmg.axi_blk_mem_gen/valid.cstr/ramloop[6].ram.r/SAFETY_CKT_GEN.RSTA_SHFT_REG_reg[1]'
INFO: [Synth 8-3886] merging instance 'U0/inst_blk_mem_gen/gnbram.gaxibmg.axi_blk_mem_gen/valid.cstr/ramloop[3].ram.r/SAFETY_CKT_GEN.RSTA_SHFT_REG_reg[1]' (FD) to 'U0/inst_blk_mem_gen/gnbram.gaxibmg.axi_blk_mem_gen/valid.cstr/ramloop[6].ram.r/SAFETY_CKT_GEN.RSTA_SHFT_REG_reg[1]'
INFO: [Synth 8-3886] merging instance 'U0/inst_blk_mem_gen/gnbram.gaxibmg.axi_blk_mem_gen/valid.cstr/ramloop[4].ram.r/SAFETY_CKT_GEN.RSTA_SHFT_REG_reg[1]' (FD) to 'U0/inst_blk_mem_gen/gnbram.gaxibmg.axi_blk_mem_gen/valid.cstr/ramloop[6].ram.r/SAFETY_CKT_GEN.RSTA_SHFT_REG_reg[1]'
INFO: [Synth 8-3886] merging instance 'U0/inst_blk_mem_gen/gnbram.gaxibmg.axi_blk_mem_gen/valid.cstr/ramloop[5].ram.r/SAFETY_CKT_GEN.RSTA_SHFT_REG_reg[1]' (FD) to 'U0/inst_blk_mem_gen/gnbram.gaxibmg.axi_blk_mem_gen/valid.cstr/ramloop[6].ram.r/SAFETY_CKT_GEN.RSTA_SHFT_REG_reg[1]'
INFO: [Synth 8-3886] merging instance 'U0/inst_blk_mem_gen/gnbram.gaxibmg.axi_blk_mem_gen/valid.cstr/ramloop[6].ram.r/SAFETY_CKT_GEN.RSTA_SHFT_REG_reg[1]' (FD) to 'U0/inst_blk_mem_gen/gnbram.gaxibmg.axi_blk_mem_gen/valid.cstr/ramloop[7].ram.r/SAFETY_CKT_GEN.RSTA_SHFT_REG_reg[1]'
INFO: [Synth 8-3886] merging instance 'U0/inst_blk_mem_gen/gnbram.gaxibmg.axi_blk_mem_gen/valid.cstr/ramloop[0].ram.r/SAFETY_CKT_GEN.RSTB_SHFT_REG_reg[2]' (FD) to 'U0/inst_blk_mem_gen/gnbram.gaxibmg.axi_blk_mem_gen/valid.cstr/ramloop[6].ram.r/SAFETY_CKT_GEN.RSTA_SHFT_REG_reg[2]'
INFO: [Synth 8-3886] merging instance 'U0/inst_blk_mem_gen/gnbram.gaxibmg.axi_blk_mem_gen/valid.cstr/ramloop[1].ram.r/SAFETY_CKT_GEN.RSTB_SHFT_REG_reg[2]' (FD) to 'U0/inst_blk_mem_gen/gnbram.gaxibmg.axi_blk_mem_gen/valid.cstr/ramloop[6].ram.r/SAFETY_CKT_GEN.RSTA_SHFT_REG_reg[2]'
INFO: [Synth 8-3886] merging instance 'U0/inst_blk_mem_gen/gnbram.gaxibmg.axi_blk_mem_gen/valid.cstr/ramloop[2].ram.r/SAFETY_CKT_GEN.RSTB_SHFT_REG_reg[2]' (FD) to 'U0/inst_blk_mem_gen/gnbram.gaxibmg.axi_blk_mem_gen/valid.cstr/ramloop[6].ram.r/SAFETY_CKT_GEN.RSTA_SHFT_REG_reg[2]'
INFO: [Synth 8-3886] merging instance 'U0/inst_blk_mem_gen/gnbram.gaxibmg.axi_blk_mem_gen/valid.cstr/ramloop[3].ram.r/SAFETY_CKT_GEN.RSTB_SHFT_REG_reg[2]' (FD) to 'U0/inst_blk_mem_gen/gnbram.gaxibmg.axi_blk_mem_gen/valid.cstr/ramloop[6].ram.r/SAFETY_CKT_GEN.RSTA_SHFT_REG_reg[2]'
INFO: [Synth 8-3886] merging instance 'U0/inst_blk_mem_gen/gnbram.gaxibmg.axi_blk_mem_gen/valid.cstr/ramloop[4].ram.r/SAFETY_CKT_GEN.RSTB_SHFT_REG_reg[2]' (FD) to 'U0/inst_blk_mem_gen/gnbram.gaxibmg.axi_blk_mem_gen/valid.cstr/ramloop[6].ram.r/SAFETY_CKT_GEN.RSTA_SHFT_REG_reg[2]'
INFO: [Synth 8-3886] merging instance 'U0/inst_blk_mem_gen/gnbram.gaxibmg.axi_blk_mem_gen/valid.cstr/ramloop[5].ram.r/SAFETY_CKT_GEN.RSTB_SHFT_REG_reg[2]' (FD) to 'U0/inst_blk_mem_gen/gnbram.gaxibmg.axi_blk_mem_gen/valid.cstr/ramloop[6].ram.r/SAFETY_CKT_GEN.RSTA_SHFT_REG_reg[2]'
INFO: [Synth 8-3886] merging instance 'U0/inst_blk_mem_gen/gnbram.gaxibmg.axi_blk_mem_gen/valid.cstr/ramloop[6].ram.r/SAFETY_CKT_GEN.RSTB_SHFT_REG_reg[2]' (FD) to 'U0/inst_blk_mem_gen/gnbram.gaxibmg.axi_blk_mem_gen/valid.cstr/ramloop[6].ram.r/SAFETY_CKT_GEN.RSTA_SHFT_REG_reg[2]'
INFO: [Synth 8-3886] merging instance 'U0/inst_blk_mem_gen/gnbram.gaxibmg.axi_blk_mem_gen/valid.cstr/ramloop[7].ram.r/SAFETY_CKT_GEN.RSTB_SHFT_REG_reg[2]' (FD) to 'U0/inst_blk_mem_gen/gnbram.gaxibmg.axi_blk_mem_gen/valid.cstr/ramloop[6].ram.r/SAFETY_CKT_GEN.RSTA_SHFT_REG_reg[2]'
INFO: [Synth 8-3886] merging instance 'U0/inst_blk_mem_gen/gnbram.gaxibmg.axi_blk_mem_gen/valid.cstr/ramloop[0].ram.r/SAFETY_CKT_GEN.RSTA_SHFT_REG_reg[2]' (FD) to 'U0/inst_blk_mem_gen/gnbram.gaxibmg.axi_blk_mem_gen/valid.cstr/ramloop[6].ram.r/SAFETY_CKT_GEN.RSTA_SHFT_REG_reg[2]'
INFO: [Synth 8-3886] merging instance 'U0/inst_blk_mem_gen/gnbram.gaxibmg.axi_blk_mem_gen/valid.cstr/ramloop[1].ram.r/SAFETY_CKT_GEN.RSTA_SHFT_REG_reg[2]' (FD) to 'U0/inst_blk_mem_gen/gnbram.gaxibmg.axi_blk_mem_gen/valid.cstr/ramloop[6].ram.r/SAFETY_CKT_GEN.RSTA_SHFT_REG_reg[2]'
INFO: [Synth 8-3886] merging instance 'U0/inst_blk_mem_gen/gnbram.gaxibmg.axi_blk_mem_gen/valid.cstr/ramloop[2].ram.r/SAFETY_CKT_GEN.RSTA_SHFT_REG_reg[2]' (FD) to 'U0/inst_blk_mem_gen/gnbram.gaxibmg.axi_blk_mem_gen/valid.cstr/ramloop[6].ram.r/SAFETY_CKT_GEN.RSTA_SHFT_REG_reg[2]'
INFO: [Synth 8-3886] merging instance 'U0/inst_blk_mem_gen/gnbram.gaxibmg.axi_blk_mem_gen/valid.cstr/ramloop[3].ram.r/SAFETY_CKT_GEN.RSTA_SHFT_REG_reg[2]' (FD) to 'U0/inst_blk_mem_gen/gnbram.gaxibmg.axi_blk_mem_gen/valid.cstr/ramloop[6].ram.r/SAFETY_CKT_GEN.RSTA_SHFT_REG_reg[2]'
INFO: [Synth 8-3886] merging instance 'U0/inst_blk_mem_gen/gnbram.gaxibmg.axi_blk_mem_gen/valid.cstr/ramloop[4].ram.r/SAFETY_CKT_GEN.RSTA_SHFT_REG_reg[2]' (FD) to 'U0/inst_blk_mem_gen/gnbram.gaxibmg.axi_blk_mem_gen/valid.cstr/ramloop[6].ram.r/SAFETY_CKT_GEN.RSTA_SHFT_REG_reg[2]'
INFO: [Synth 8-3886] merging instance 'U0/inst_blk_mem_gen/gnbram.gaxibmg.axi_blk_mem_gen/valid.cstr/ramloop[5].ram.r/SAFETY_CKT_GEN.RSTA_SHFT_REG_reg[2]' (FD) to 'U0/inst_blk_mem_gen/gnbram.gaxibmg.axi_blk_mem_gen/valid.cstr/ramloop[6].ram.r/SAFETY_CKT_GEN.RSTA_SHFT_REG_reg[2]'
INFO: [Synth 8-3886] merging instance 'U0/inst_blk_mem_gen/gnbram.gaxibmg.axi_blk_mem_gen/valid.cstr/ramloop[6].ram.r/SAFETY_CKT_GEN.RSTA_SHFT_REG_reg[2]' (FD) to 'U0/inst_blk_mem_gen/gnbram.gaxibmg.axi_blk_mem_gen/valid.cstr/ramloop[7].ram.r/SAFETY_CKT_GEN.RSTA_SHFT_REG_reg[2]'
INFO: [Synth 8-3886] merging instance 'U0/inst_blk_mem_gen/gnbram.gaxibmg.axi_blk_mem_gen/valid.cstr/ramloop[0].ram.r/SAFETY_CKT_GEN.RSTB_SHFT_REG_reg[3]' (FD) to 'U0/inst_blk_mem_gen/gnbram.gaxibmg.axi_blk_mem_gen/valid.cstr/ramloop[6].ram.r/SAFETY_CKT_GEN.RSTA_SHFT_REG_reg[3]'
INFO: [Synth 8-3886] merging instance 'U0/inst_blk_mem_gen/gnbram.gaxibmg.axi_blk_mem_gen/valid.cstr/ramloop[1].ram.r/SAFETY_CKT_GEN.RSTB_SHFT_REG_reg[3]' (FD) to 'U0/inst_blk_mem_gen/gnbram.gaxibmg.axi_blk_mem_gen/valid.cstr/ramloop[6].ram.r/SAFETY_CKT_GEN.RSTA_SHFT_REG_reg[3]'
INFO: [Synth 8-3886] merging instance 'U0/inst_blk_mem_gen/gnbram.gaxibmg.axi_blk_mem_gen/valid.cstr/ramloop[2].ram.r/SAFETY_CKT_GEN.RSTB_SHFT_REG_reg[3]' (FD) to 'U0/inst_blk_mem_gen/gnbram.gaxibmg.axi_blk_mem_gen/valid.cstr/ramloop[6].ram.r/SAFETY_CKT_GEN.RSTA_SHFT_REG_reg[3]'
INFO: [Synth 8-3886] merging instance 'U0/inst_blk_mem_gen/gnbram.gaxibmg.axi_blk_mem_gen/valid.cstr/ramloop[3].ram.r/SAFETY_CKT_GEN.RSTB_SHFT_REG_reg[3]' (FD) to 'U0/inst_blk_mem_gen/gnbram.gaxibmg.axi_blk_mem_gen/valid.cstr/ramloop[6].ram.r/SAFETY_CKT_GEN.RSTA_SHFT_REG_reg[3]'
INFO: [Synth 8-3886] merging instance 'U0/inst_blk_mem_gen/gnbram.gaxibmg.axi_blk_mem_gen/valid.cstr/ramloop[4].ram.r/SAFETY_CKT_GEN.RSTB_SHFT_REG_reg[3]' (FD) to 'U0/inst_blk_mem_gen/gnbram.gaxibmg.axi_blk_mem_gen/valid.cstr/ramloop[6].ram.r/SAFETY_CKT_GEN.RSTA_SHFT_REG_reg[3]'
INFO: [Synth 8-3886] merging instance 'U0/inst_blk_mem_gen/gnbram.gaxibmg.axi_blk_mem_gen/valid.cstr/ramloop[5].ram.r/SAFETY_CKT_GEN.RSTB_SHFT_REG_reg[3]' (FD) to 'U0/inst_blk_mem_gen/gnbram.gaxibmg.axi_blk_mem_gen/valid.cstr/ramloop[6].ram.r/SAFETY_CKT_GEN.RSTA_SHFT_REG_reg[3]'
INFO: [Synth 8-3886] merging instance 'U0/inst_blk_mem_gen/gnbram.gaxibmg.axi_blk_mem_gen/valid.cstr/ramloop[6].ram.r/SAFETY_CKT_GEN.RSTB_SHFT_REG_reg[3]' (FD) to 'U0/inst_blk_mem_gen/gnbram.gaxibmg.axi_blk_mem_gen/valid.cstr/ramloop[6].ram.r/SAFETY_CKT_GEN.RSTA_SHFT_REG_reg[3]'
INFO: [Synth 8-3886] merging instance 'U0/inst_blk_mem_gen/gnbram.gaxibmg.axi_blk_mem_gen/valid.cstr/ramloop[7].ram.r/SAFETY_CKT_GEN.RSTB_SHFT_REG_reg[3]' (FD) to 'U0/inst_blk_mem_gen/gnbram.gaxibmg.axi_blk_mem_gen/valid.cstr/ramloop[6].ram.r/SAFETY_CKT_GEN.RSTA_SHFT_REG_reg[3]'
INFO: [Synth 8-3886] merging instance 'U0/inst_blk_mem_gen/gnbram.gaxibmg.axi_blk_mem_gen/valid.cstr/ramloop[0].ram.r/SAFETY_CKT_GEN.RSTA_SHFT_REG_reg[3]' (FD) to 'U0/inst_blk_mem_gen/gnbram.gaxibmg.axi_blk_mem_gen/valid.cstr/ramloop[6].ram.r/SAFETY_CKT_GEN.RSTA_SHFT_REG_reg[3]'
INFO: [Synth 8-3886] merging instance 'U0/inst_blk_mem_gen/gnbram.gaxibmg.axi_blk_mem_gen/valid.cstr/ramloop[1].ram.r/SAFETY_CKT_GEN.RSTA_SHFT_REG_reg[3]' (FD) to 'U0/inst_blk_mem_gen/gnbram.gaxibmg.axi_blk_mem_gen/valid.cstr/ramloop[6].ram.r/SAFETY_CKT_GEN.RSTA_SHFT_REG_reg[3]'
INFO: [Synth 8-3886] merging instance 'U0/inst_blk_mem_gen/gnbram.gaxibmg.axi_blk_mem_gen/valid.cstr/ramloop[2].ram.r/SAFETY_CKT_GEN.RSTA_SHFT_REG_reg[3]' (FD) to 'U0/inst_blk_mem_gen/gnbram.gaxibmg.axi_blk_mem_gen/valid.cstr/ramloop[6].ram.r/SAFETY_CKT_GEN.RSTA_SHFT_REG_reg[3]'
INFO: [Synth 8-3886] merging instance 'U0/inst_blk_mem_gen/gnbram.gaxibmg.axi_blk_mem_gen/valid.cstr/ramloop[3].ram.r/SAFETY_CKT_GEN.RSTA_SHFT_REG_reg[3]' (FD) to 'U0/inst_blk_mem_gen/gnbram.gaxibmg.axi_blk_mem_gen/valid.cstr/ramloop[6].ram.r/SAFETY_CKT_GEN.RSTA_SHFT_REG_reg[3]'
INFO: [Synth 8-3886] merging instance 'U0/inst_blk_mem_gen/gnbram.gaxibmg.axi_blk_mem_gen/valid.cstr/ramloop[4].ram.r/SAFETY_CKT_GEN.RSTA_SHFT_REG_reg[3]' (FD) to 'U0/inst_blk_mem_gen/gnbram.gaxibmg.axi_blk_mem_gen/valid.cstr/ramloop[6].ram.r/SAFETY_CKT_GEN.RSTA_SHFT_REG_reg[3]'
INFO: [Synth 8-3886] merging instance 'U0/inst_blk_mem_gen/gnbram.gaxibmg.axi_blk_mem_gen/valid.cstr/ramloop[5].ram.r/SAFETY_CKT_GEN.RSTA_SHFT_REG_reg[3]' (FD) to 'U0/inst_blk_mem_gen/gnbram.gaxibmg.axi_blk_mem_gen/valid.cstr/ramloop[6].ram.r/SAFETY_CKT_GEN.RSTA_SHFT_REG_reg[3]'
INFO: [Synth 8-3886] merging instance 'U0/inst_blk_mem_gen/gnbram.gaxibmg.axi_blk_mem_gen/valid.cstr/ramloop[6].ram.r/SAFETY_CKT_GEN.RSTA_SHFT_REG_reg[3]' (FD) to 'U0/inst_blk_mem_gen/gnbram.gaxibmg.axi_blk_mem_gen/valid.cstr/ramloop[7].ram.r/SAFETY_CKT_GEN.RSTA_SHFT_REG_reg[3]'
INFO: [Synth 8-3886] merging instance 'U0/inst_blk_mem_gen/gnbram.gaxibmg.axi_blk_mem_gen/valid.cstr/ramloop[0].ram.r/SAFETY_CKT_GEN.RSTB_SHFT_REG_reg[4]' (FD) to 'U0/inst_blk_mem_gen/gnbram.gaxibmg.axi_blk_mem_gen/valid.cstr/ramloop[6].ram.r/SAFETY_CKT_GEN.RSTA_SHFT_REG_reg[4]'
INFO: [Synth 8-3886] merging instance 'U0/inst_blk_mem_gen/gnbram.gaxibmg.axi_blk_mem_gen/valid.cstr/ramloop[1].ram.r/SAFETY_CKT_GEN.RSTB_SHFT_REG_reg[4]' (FD) to 'U0/inst_blk_mem_gen/gnbram.gaxibmg.axi_blk_mem_gen/valid.cstr/ramloop[6].ram.r/SAFETY_CKT_GEN.RSTA_SHFT_REG_reg[4]'
INFO: [Synth 8-3886] merging instance 'U0/inst_blk_mem_gen/gnbram.gaxibmg.axi_blk_mem_gen/valid.cstr/ramloop[2].ram.r/SAFETY_CKT_GEN.RSTB_SHFT_REG_reg[4]' (FD) to 'U0/inst_blk_mem_gen/gnbram.gaxibmg.axi_blk_mem_gen/valid.cstr/ramloop[6].ram.r/SAFETY_CKT_GEN.RSTA_SHFT_REG_reg[4]'
INFO: [Synth 8-3886] merging instance 'U0/inst_blk_mem_gen/gnbram.gaxibmg.axi_blk_mem_gen/valid.cstr/ramloop[3].ram.r/SAFETY_CKT_GEN.RSTB_SHFT_REG_reg[4]' (FD) to 'U0/inst_blk_mem_gen/gnbram.gaxibmg.axi_blk_mem_gen/valid.cstr/ramloop[6].ram.r/SAFETY_CKT_GEN.RSTA_SHFT_REG_reg[4]'
INFO: [Synth 8-3886] merging instance 'U0/inst_blk_mem_gen/gnbram.gaxibmg.axi_blk_mem_gen/valid.cstr/ramloop[4].ram.r/SAFETY_CKT_GEN.RSTB_SHFT_REG_reg[4]' (FD) to 'U0/inst_blk_mem_gen/gnbram.gaxibmg.axi_blk_mem_gen/valid.cstr/ramloop[6].ram.r/SAFETY_CKT_GEN.RSTA_SHFT_REG_reg[4]'
INFO: [Synth 8-3886] merging instance 'U0/inst_blk_mem_gen/gnbram.gaxibmg.axi_blk_mem_gen/valid.cstr/ramloop[5].ram.r/SAFETY_CKT_GEN.RSTB_SHFT_REG_reg[4]' (FD) to 'U0/inst_blk_mem_gen/gnbram.gaxibmg.axi_blk_mem_gen/valid.cstr/ramloop[6].ram.r/SAFETY_CKT_GEN.RSTA_SHFT_REG_reg[4]'
INFO: [Synth 8-3886] merging instance 'U0/inst_blk_mem_gen/gnbram.gaxibmg.axi_blk_mem_gen/valid.cstr/ramloop[6].ram.r/SAFETY_CKT_GEN.RSTB_SHFT_REG_reg[4]' (FD) to 'U0/inst_blk_mem_gen/gnbram.gaxibmg.axi_blk_mem_gen/valid.cstr/ramloop[6].ram.r/SAFETY_CKT_GEN.RSTA_SHFT_REG_reg[4]'
INFO: [Synth 8-3886] merging instance 'U0/inst_blk_mem_gen/gnbram.gaxibmg.axi_blk_mem_gen/valid.cstr/ramloop[7].ram.r/SAFETY_CKT_GEN.RSTB_SHFT_REG_reg[4]' (FD) to 'U0/inst_blk_mem_gen/gnbram.gaxibmg.axi_blk_mem_gen/valid.cstr/ramloop[6].ram.r/SAFETY_CKT_GEN.RSTA_SHFT_REG_reg[4]'
INFO: [Synth 8-3886] merging instance 'U0/inst_blk_mem_gen/gnbram.gaxibmg.axi_blk_mem_gen/valid.cstr/ramloop[0].ram.r/SAFETY_CKT_GEN.RSTA_SHFT_REG_reg[4]' (FD) to 'U0/inst_blk_mem_gen/gnbram.gaxibmg.axi_blk_mem_gen/valid.cstr/ramloop[6].ram.r/SAFETY_CKT_GEN.RSTA_SHFT_REG_reg[4]'
INFO: [Synth 8-3886] merging instance 'U0/inst_blk_mem_gen/gnbram.gaxibmg.axi_blk_mem_gen/valid.cstr/ramloop[1].ram.r/SAFETY_CKT_GEN.RSTA_SHFT_REG_reg[4]' (FD) to 'U0/inst_blk_mem_gen/gnbram.gaxibmg.axi_blk_mem_gen/valid.cstr/ramloop[6].ram.r/SAFETY_CKT_GEN.RSTA_SHFT_REG_reg[4]'
INFO: [Synth 8-3886] merging instance 'U0/inst_blk_mem_gen/gnbram.gaxibmg.axi_blk_mem_gen/valid.cstr/ramloop[2].ram.r/SAFETY_CKT_GEN.RSTA_SHFT_REG_reg[4]' (FD) to 'U0/inst_blk_mem_gen/gnbram.gaxibmg.axi_blk_mem_gen/valid.cstr/ramloop[6].ram.r/SAFETY_CKT_GEN.RSTA_SHFT_REG_reg[4]'
INFO: [Synth 8-3886] merging instance 'U0/inst_blk_mem_gen/gnbram.gaxibmg.axi_blk_mem_gen/valid.cstr/ramloop[3].ram.r/SAFETY_CKT_GEN.RSTA_SHFT_REG_reg[4]' (FD) to 'U0/inst_blk_mem_gen/gnbram.gaxibmg.axi_blk_mem_gen/valid.cstr/ramloop[6].ram.r/SAFETY_CKT_GEN.RSTA_SHFT_REG_reg[4]'
INFO: [Synth 8-3886] merging instance 'U0/inst_blk_mem_gen/gnbram.gaxibmg.axi_blk_mem_gen/valid.cstr/ramloop[4].ram.r/SAFETY_CKT_GEN.RSTA_SHFT_REG_reg[4]' (FD) to 'U0/inst_blk_mem_gen/gnbram.gaxibmg.axi_blk_mem_gen/valid.cstr/ramloop[6].ram.r/SAFETY_CKT_GEN.RSTA_SHFT_REG_reg[4]'
INFO: [Synth 8-3886] merging instance 'U0/inst_blk_mem_gen/gnbram.gaxibmg.axi_blk_mem_gen/valid.cstr/ramloop[5].ram.r/SAFETY_CKT_GEN.RSTA_SHFT_REG_reg[4]' (FD) to 'U0/inst_blk_mem_gen/gnbram.gaxibmg.axi_blk_mem_gen/valid.cstr/ramloop[6].ram.r/SAFETY_CKT_GEN.RSTA_SHFT_REG_reg[4]'
INFO: [Synth 8-3886] merging instance 'U0/inst_blk_mem_gen/gnbram.gaxibmg.axi_blk_mem_gen/valid.cstr/ramloop[6].ram.r/SAFETY_CKT_GEN.RSTA_SHFT_REG_reg[4]' (FD) to 'U0/inst_blk_mem_gen/gnbram.gaxibmg.axi_blk_mem_gen/valid.cstr/ramloop[7].ram.r/SAFETY_CKT_GEN.RSTA_SHFT_REG_reg[4]'
INFO: [Synth 8-3886] merging instance 'U0/inst_blk_mem_gen/gnbram.gaxibmg.axi_blk_mem_gen/valid.cstr/ramloop[0].ram.r/SAFETY_CKT_GEN.POR_B_reg' (FD) to 'U0/inst_blk_mem_gen/gnbram.gaxibmg.axi_blk_mem_gen/valid.cstr/ramloop[1].ram.r/SAFETY_CKT_GEN.POR_B_reg'
INFO: [Synth 8-3886] merging instance 'U0/inst_blk_mem_gen/gnbram.gaxibmg.axi_blk_mem_gen/valid.cstr/ramloop[1].ram.r/SAFETY_CKT_GEN.POR_B_reg' (FD) to 'U0/inst_blk_mem_gen/gnbram.gaxibmg.axi_blk_mem_gen/valid.cstr/ramloop[2].ram.r/SAFETY_CKT_GEN.POR_B_reg'
INFO: [Synth 8-3886] merging instance 'U0/inst_blk_mem_gen/gnbram.gaxibmg.axi_blk_mem_gen/valid.cstr/ramloop[2].ram.r/SAFETY_CKT_GEN.POR_B_reg' (FD) to 'U0/inst_blk_mem_gen/gnbram.gaxibmg.axi_blk_mem_gen/valid.cstr/ramloop[3].ram.r/SAFETY_CKT_GEN.POR_B_reg'
INFO: [Synth 8-3886] merging instance 'U0/inst_blk_mem_gen/gnbram.gaxibmg.axi_blk_mem_gen/valid.cstr/ramloop[3].ram.r/SAFETY_CKT_GEN.POR_B_reg' (FD) to 'U0/inst_blk_mem_gen/gnbram.gaxibmg.axi_blk_mem_gen/valid.cstr/ramloop[4].ram.r/SAFETY_CKT_GEN.POR_B_reg'
INFO: [Synth 8-3886] merging instance 'U0/inst_blk_mem_gen/gnbram.gaxibmg.axi_blk_mem_gen/valid.cstr/ramloop[4].ram.r/SAFETY_CKT_GEN.POR_B_reg' (FD) to 'U0/inst_blk_mem_gen/gnbram.gaxibmg.axi_blk_mem_gen/valid.cstr/ramloop[5].ram.r/SAFETY_CKT_GEN.POR_B_reg'
INFO: [Synth 8-3886] merging instance 'U0/inst_blk_mem_gen/gnbram.gaxibmg.axi_blk_mem_gen/valid.cstr/ramloop[5].ram.r/SAFETY_CKT_GEN.POR_B_reg' (FD) to 'U0/inst_blk_mem_gen/gnbram.gaxibmg.axi_blk_mem_gen/valid.cstr/ramloop[6].ram.r/SAFETY_CKT_GEN.POR_B_reg'
INFO: [Synth 8-3886] merging instance 'U0/inst_blk_mem_gen/gnbram.gaxibmg.axi_blk_mem_gen/valid.cstr/ramloop[6].ram.r/SAFETY_CKT_GEN.POR_B_reg' (FD) to 'U0/inst_blk_mem_gen/gnbram.gaxibmg.axi_blk_mem_gen/valid.cstr/ramloop[7].ram.r/SAFETY_CKT_GEN.POR_B_reg'
INFO: [Synth 8-3886] merging instance 'U0/inst_blk_mem_gen/gnbram.gaxibmg.axi_blk_mem_gen/valid.cstr/ramloop[7].ram.r/SAFETY_CKT_GEN.POR_B_reg' (FD) to 'U0/inst_blk_mem_gen/gnbram.gaxibmg.axi_blk_mem_gen/valid.cstr/ramloop[0].ram.r/SAFETY_CKT_GEN.POR_A_reg'
INFO: [Synth 8-3886] merging instance 'U0/inst_blk_mem_gen/gnbram.gaxibmg.axi_blk_mem_gen/valid.cstr/ramloop[0].ram.r/SAFETY_CKT_GEN.POR_A_reg' (FD) to 'U0/inst_blk_mem_gen/gnbram.gaxibmg.axi_blk_mem_gen/valid.cstr/ramloop[1].ram.r/SAFETY_CKT_GEN.POR_A_reg'
INFO: [Synth 8-3886] merging instance 'U0/inst_blk_mem_gen/gnbram.gaxibmg.axi_blk_mem_gen/valid.cstr/ramloop[0].ram.r/SAFETY_CKT_GEN.ENA_NO_REG.ENA_dly_reg' (FD) to 'U0/inst_blk_mem_gen/gnbram.gaxibmg.axi_blk_mem_gen/valid.cstr/ramloop[1].ram.r/SAFETY_CKT_GEN.ENA_NO_REG.ENA_dly_reg'
INFO: [Synth 8-3886] merging instance 'U0/inst_blk_mem_gen/gnbram.gaxibmg.axi_blk_mem_gen/valid.cstr/ramloop[1].ram.r/SAFETY_CKT_GEN.POR_A_reg' (FD) to 'U0/inst_blk_mem_gen/gnbram.gaxibmg.axi_blk_mem_gen/valid.cstr/ramloop[2].ram.r/SAFETY_CKT_GEN.POR_A_reg'
INFO: [Common 17-14] Message 'Synth 8-3886' appears 100 times and further instances of the messages will be disabled. Use the Tcl command set_msg_config to change the current settings.
---------------------------------------------------------------------------------
Finished Cross Boundary and Area Optimization : Time (s): cpu = 00:00:06 ; elapsed = 00:00:27 . Memory (MB): peak = 1468.090 ; gain = 556.492
---------------------------------------------------------------------------------
---------------------------------------------------------------------------------
Start ROM, RAM, DSP and Shift Register Reporting
---------------------------------------------------------------------------------

Distributed RAM: Preliminary Mapping	Report (see note below)
+------------+---------------------------------------------------------------------------+-----------+----------------------+-------------+
|Module Name | RTL Object                                                                | Inference | Size (Depth x Width) | Primitives  | 
+------------+---------------------------------------------------------------------------+-----------+----------------------+-------------+
|U0          | inst_blk_mem_gen/gnbram.gaxibmg.axi_wr_fsm/gaxi_bid_gen.axi_bid_array_reg | Implied   | 4 x 4                | RAM32M x 1	 | 
+------------+---------------------------------------------------------------------------+-----------+----------------------+-------------+

Note: The table above is a preliminary report that shows the Distributed RAMs at the current stage of the synthesis flow. Some Distributed RAMs may be reimplemented as non Distributed RAM primitives later in the synthesis flow. Multiple instantiated RAMs are reported only once.
---------------------------------------------------------------------------------
Finished ROM, RAM, DSP and Shift Register Reporting
---------------------------------------------------------------------------------

Report RTL Partitions: 
+-+--------------+------------+----------+
| |RTL Partition |Replication |Instances |
+-+--------------+------------+----------+
+-+--------------+------------+----------+
---------------------------------------------------------------------------------
Start Applying XDC Timing Constraints
---------------------------------------------------------------------------------
---------------------------------------------------------------------------------
Finished Applying XDC Timing Constraints : Time (s): cpu = 00:00:07 ; elapsed = 00:00:31 . Memory (MB): peak = 1468.090 ; gain = 556.492
---------------------------------------------------------------------------------
---------------------------------------------------------------------------------
Start Timing Optimization
---------------------------------------------------------------------------------
---------------------------------------------------------------------------------
Finished Timing Optimization : Time (s): cpu = 00:00:07 ; elapsed = 00:00:32 . Memory (MB): peak = 1468.090 ; gain = 556.492
---------------------------------------------------------------------------------
---------------------------------------------------------------------------------
Start ROM, RAM, DSP and Shift Register Reporting
---------------------------------------------------------------------------------

Distributed RAM: Final Mapping	Report
+------------+---------------------------------------------------------------------------+-----------+----------------------+-------------+
|Module Name | RTL Object                                                                | Inference | Size (Depth x Width) | Primitives  | 
+------------+---------------------------------------------------------------------------+-----------+----------------------+-------------+
|U0          | inst_blk_mem_gen/gnbram.gaxibmg.axi_wr_fsm/gaxi_bid_gen.axi_bid_array_reg | Implied   | 4 x 4                | RAM32M x 1	 | 
+------------+---------------------------------------------------------------------------+-----------+----------------------+-------------+

---------------------------------------------------------------------------------
Finished ROM, RAM, DSP and Shift Register Reporting
---------------------------------------------------------------------------------

Report RTL Partitions: 
+-+--------------+------------+----------+
| |RTL Partition |Replication |Instances |
+-+--------------+------------+----------+
+-+--------------+------------+----------+
---------------------------------------------------------------------------------
Start Technology Mapping
---------------------------------------------------------------------------------
---------------------------------------------------------------------------------
Finished Technology Mapping : Time (s): cpu = 00:00:07 ; elapsed = 00:00:32 . Memory (MB): peak = 1468.090 ; gain = 556.492
---------------------------------------------------------------------------------

Report RTL Partitions: 
+-+--------------+------------+----------+
| |RTL Partition |Replication |Instances |
+-+--------------+------------+----------+
+-+--------------+------------+----------+
---------------------------------------------------------------------------------
Start IO Insertion
---------------------------------------------------------------------------------
---------------------------------------------------------------------------------
Start Flattening Before IO Insertion
---------------------------------------------------------------------------------
---------------------------------------------------------------------------------
Finished Flattening Before IO Insertion
---------------------------------------------------------------------------------
---------------------------------------------------------------------------------
Start Final Netlist Cleanup
---------------------------------------------------------------------------------
---------------------------------------------------------------------------------
Finished Final Netlist Cleanup
---------------------------------------------------------------------------------
---------------------------------------------------------------------------------
Finished IO Insertion : Time (s): cpu = 00:00:07 ; elapsed = 00:00:34 . Memory (MB): peak = 1468.090 ; gain = 556.492
---------------------------------------------------------------------------------
---------------------------------------------------------------------------------
Start Renaming Generated Instances
---------------------------------------------------------------------------------
---------------------------------------------------------------------------------
Finished Renaming Generated Instances : Time (s): cpu = 00:00:07 ; elapsed = 00:00:34 . Memory (MB): peak = 1468.090 ; gain = 556.492
---------------------------------------------------------------------------------

Report RTL Partitions: 
+-+--------------+------------+----------+
| |RTL Partition |Replication |Instances |
+-+--------------+------------+----------+
+-+--------------+------------+----------+

Report Check Netlist: 
+------+------------------+-------+---------+-------+------------------+
|      |Item              |Errors |Warnings |Status |Description       |
+------+------------------+-------+---------+-------+------------------+
|1     |multi_driven_nets |      0|        0|Passed |Multi driven nets |
+------+------------------+-------+---------+-------+------------------+
---------------------------------------------------------------------------------
Start Rebuilding User Hierarchy
---------------------------------------------------------------------------------
---------------------------------------------------------------------------------
Finished Rebuilding User Hierarchy : Time (s): cpu = 00:00:07 ; elapsed = 00:00:34 . Memory (MB): peak = 1468.090 ; gain = 556.492
---------------------------------------------------------------------------------
---------------------------------------------------------------------------------
Start Renaming Generated Ports
---------------------------------------------------------------------------------
---------------------------------------------------------------------------------
Finished Renaming Generated Ports : Time (s): cpu = 00:00:07 ; elapsed = 00:00:34 . Memory (MB): peak = 1468.090 ; gain = 556.492
---------------------------------------------------------------------------------
---------------------------------------------------------------------------------
Start Handling Custom Attributes
---------------------------------------------------------------------------------
---------------------------------------------------------------------------------
Finished Handling Custom Attributes : Time (s): cpu = 00:00:07 ; elapsed = 00:00:34 . Memory (MB): peak = 1468.090 ; gain = 556.492
---------------------------------------------------------------------------------
---------------------------------------------------------------------------------
Start Renaming Generated Nets
---------------------------------------------------------------------------------
---------------------------------------------------------------------------------
Finished Renaming Generated Nets : Time (s): cpu = 00:00:07 ; elapsed = 00:00:34 . Memory (MB): peak = 1468.090 ; gain = 556.492
---------------------------------------------------------------------------------
---------------------------------------------------------------------------------
Start ROM, RAM, DSP and Shift Register Reporting
---------------------------------------------------------------------------------

Static Shift Register Report:
+-------------------+-----------------------------------------------------------------------------------------------------------------+--------+-------+--------------+--------------------+-------------------+--------+---------+
|Module Name        | RTL Name                                                                                                        | Length | Width | Reset Signal | Pull out first Reg | Pull out last Reg | SRL16E | SRLC32E | 
+-------------------+-----------------------------------------------------------------------------------------------------------------+--------+-------+--------------+--------------------+-------------------+--------+---------+
|blk_mem_gen_v8_4_4 | inst_blk_mem_gen/gnbram.gaxibmg.axi_blk_mem_gen/valid.cstr/ramloop[7].ram.r/SAFETY_CKT_GEN.RSTA_SHFT_REG_reg[4] | 4      | 1     | NO           | NO                 | YES               | 1      | 0       | 
+-------------------+-----------------------------------------------------------------------------------------------------------------+--------+-------+--------------+--------------------+-------------------+--------+---------+

---------------------------------------------------------------------------------
Finished ROM, RAM, DSP and Shift Register Reporting
---------------------------------------------------------------------------------
---------------------------------------------------------------------------------
Start Writing Synthesis Report
---------------------------------------------------------------------------------

Report BlackBoxes: 
+-+--------------+----------+
| |BlackBox name |Instances |
+-+--------------+----------+
+-+--------------+----------+

Report Cell Usage: 
+------+-----------+------+
|      |Cell       |Count |
+------+-----------+------+
|1     |CARRY4     |     8|
|2     |LUT1       |     1|
|3     |LUT2       |    12|
|4     |LUT3       |    67|
|5     |LUT4       |    12|
|6     |LUT5       |    49|
|7     |LUT6       |    75|
|8     |RAM32M     |     1|
|9     |RAMB36E1   |     1|
|10    |RAMB36E1_1 |     7|
|11    |SRL16E     |     1|
|12    |FDRE       |   101|
|13    |FDSE       |     9|
+------+-----------+------+

Report Instance Areas: 
+------+---------------------------------------+----------------------------------------------+------+
|      |Instance                               |Module                                        |Cells |
+------+---------------------------------------+----------------------------------------------+------+
|1     |top                                    |                                              |   344|
|2     |  U0                                   |blk_mem_gen_v8_4_4                            |   344|
|3     |    inst_blk_mem_gen                   |blk_mem_gen_v8_4_4_synth                      |   344|
|4     |      \gnbram.gaxibmg.axi_blk_mem_gen  |blk_mem_gen_top                               |    56|
|5     |        \valid.cstr                    |blk_mem_gen_generic_cstr                      |    56|
|6     |          \has_mux_b.B                 |blk_mem_gen_mux__parameterized0               |    34|
|7     |          \ramloop[0].ram.r            |blk_mem_gen_prim_width                        |     2|
|8     |            \prim_init.ram             |blk_mem_gen_prim_wrapper_init                 |     1|
|9     |          \ramloop[1].ram.r            |blk_mem_gen_prim_width__parameterized0        |     1|
|10    |            \prim_init.ram             |blk_mem_gen_prim_wrapper_init__parameterized0 |     1|
|11    |          \ramloop[2].ram.r            |blk_mem_gen_prim_width__parameterized1        |     1|
|12    |            \prim_init.ram             |blk_mem_gen_prim_wrapper_init__parameterized1 |     1|
|13    |          \ramloop[3].ram.r            |blk_mem_gen_prim_width__parameterized2        |     1|
|14    |            \prim_init.ram             |blk_mem_gen_prim_wrapper_init__parameterized2 |     1|
|15    |          \ramloop[4].ram.r            |blk_mem_gen_prim_width__parameterized3        |     1|
|16    |            \prim_init.ram             |blk_mem_gen_prim_wrapper_init__parameterized3 |     1|
|17    |          \ramloop[5].ram.r            |blk_mem_gen_prim_width__parameterized4        |     1|
|18    |            \prim_init.ram             |blk_mem_gen_prim_wrapper_init__parameterized4 |     1|
|19    |          \ramloop[6].ram.r            |blk_mem_gen_prim_width__parameterized5        |     2|
|20    |            \prim_init.ram             |blk_mem_gen_prim_wrapper_init__parameterized5 |     1|
|21    |          \ramloop[7].ram.r            |blk_mem_gen_prim_width__parameterized6        |    13|
|22    |            \prim_init.ram             |blk_mem_gen_prim_wrapper_init__parameterized6 |     2|
|23    |      \gnbram.gaxibmg.axi_rd_sm        |blk_mem_axi_read_wrapper                      |   153|
|24    |        axi_read_fsm                   |blk_mem_axi_read_fsm                          |    83|
|25    |      \gnbram.gaxibmg.axi_wr_fsm       |blk_mem_axi_write_wrapper                     |   135|
|26    |        axi_wr_fsm                     |blk_mem_axi_write_fsm                         |    51|
+------+---------------------------------------+----------------------------------------------+------+
---------------------------------------------------------------------------------
Finished Writing Synthesis Report : Time (s): cpu = 00:00:07 ; elapsed = 00:00:34 . Memory (MB): peak = 1468.090 ; gain = 556.492
---------------------------------------------------------------------------------
Synthesis finished with 0 errors, 0 critical warnings and 149 warnings.
Synthesis Optimization Runtime : Time (s): cpu = 00:00:03 ; elapsed = 00:00:32 . Memory (MB): peak = 1468.090 ; gain = 556.492
Synthesis Optimization Complete : Time (s): cpu = 00:00:07 ; elapsed = 00:00:34 . Memory (MB): peak = 1468.090 ; gain = 556.492
INFO: [Project 1-571] Translating synthesized netlist
Netlist sorting complete. Time (s): cpu = 00:00:00 ; elapsed = 00:00:00.010 . Memory (MB): peak = 1468.090 ; gain = 0.000
INFO: [Netlist 29-17] Analyzing 17 Unisim elements for replacement
INFO: [Netlist 29-28] Unisim Transformation completed in 0 CPU seconds
INFO: [Project 1-570] Preparing netlist for logic optimization
INFO: [Opt 31-138] Pushed 0 inverter(s) to 0 load pin(s).
Netlist sorting complete. Time (s): cpu = 00:00:00 ; elapsed = 00:00:00 . Memory (MB): peak = 1468.090 ; gain = 0.000
INFO: [Project 1-111] Unisim Transformation Summary:
  A total of 1 instances were transformed.
  RAM32M => RAM32M (RAMD32(x6), RAMS32(x2)): 1 instance 

INFO: [Common 17-83] Releasing license: Synthesis
123 Infos, 100 Warnings, 0 Critical Warnings and 0 Errors encountered.
synth_design completed successfully
synth_design: Time (s): cpu = 00:00:09 ; elapsed = 00:00:40 . Memory (MB): peak = 1468.090 ; gain = 998.848
Netlist sorting complete. Time (s): cpu = 00:00:00 ; elapsed = 00:00:00 . Memory (MB): peak = 1468.090 ; gain = 0.000
WARNING: [Constraints 18-5210] No constraints selected for write.
Resolution: This message can indicate that there are no constraints for the design, or it can indicate that the used_in flags are set such that the constraints are ignored. This later case is used when running synth_design to not write synthesis constraints to the resulting checkpoint. Instead, project constraints are read when the synthesized design is opened.
INFO: [Common 17-1381] The checkpoint 'C:/Users/76296/Desktop/CGRA_On_RISCV/src/project_1/project_1.runs/axi_bram_synth_1/axi_bram.dcp' has been generated.
WARNING: [Common 17-576] 'use_project_ipc' is deprecated. This option is deprecated and no longer used.
INFO: [Coretcl 2-1648] Added synthesis output to IP cache for IP axi_bram, cache-ID = f4e1b0da24f2d26b
INFO: [Coretcl 2-1174] Renamed 25 cell refs.
Netlist sorting complete. Time (s): cpu = 00:00:00 ; elapsed = 00:00:00 . Memory (MB): peak = 1468.090 ; gain = 0.000
WARNING: [Constraints 18-5210] No constraints selected for write.
Resolution: This message can indicate that there are no constraints for the design, or it can indicate that the used_in flags are set such that the constraints are ignored. This later case is used when running synth_design to not write synthesis constraints to the resulting checkpoint. Instead, project constraints are read when the synthesized design is opened.
INFO: [Common 17-1381] The checkpoint 'C:/Users/76296/Desktop/CGRA_On_RISCV/src/project_1/project_1.runs/axi_bram_synth_1/axi_bram.dcp' has been generated.
INFO: [runtcl-4] Executing : report_utilization -file axi_bram_utilization_synth.rpt -pb axi_bram_utilization_synth.pb
INFO: [Common 17-206] Exiting Vivado at Tue May 14 15:11:54 2024...
