INFO: [VRFC 10-2263] Analyzing Verilog file "C:/Code/Vivado/CGRA_On_RISCV/src/project_1/project_1.srcs/sources_1/ip/Dmemery/sim/Dmemery.v" into library xil_defaultlib
INFO: [VRFC 10-311] analyzing module Dmemery
INFO: [VRFC 10-2263] Analyzing Verilog file "C:/Code/Vivado/CGRA_On_RISCV/src/project_1/project_1.srcs/sources_1/ip/IMemory/sim/IMemory.v" into library xil_defaultlib
INFO: [VRFC 10-311] analyzing module IMemory
INFO: [VRFC 10-2263] Analyzing Verilog file "C:/Code/Vivado/CGRA_On_RISCV/src/ALU.v" into library xil_defaultlib
INFO: [VRFC 10-311] analyzing module ALU
INFO: [VRFC 10-2263] Analyzing Verilog file "C:/Code/Vivado/CGRA_On_RISCV/src/ALU_Control.v" into library xil_defaultlib
INFO: [VRFC 10-311] analyzing module ALU_Control
INFO: [VRFC 10-2263] Analyzing Verilog file "C:/Code/Vivado/CGRA_On_RISCV/src/Adder.v" into library xil_defaultlib
INFO: [VRFC 10-311] analyzing module Adder
INFO: [VRFC 10-2263] Analyzing Verilog file "C:/Code/Vivado/CGRA_On_RISCV/src/CPU.v" into library xil_defaultlib
INFO: [VRFC 10-311] analyzing module MUX32
INFO: [VRFC 10-311] analyzing module PC
WARNING: [VRFC 10-2379] empty port in module declaration [C:/Code/Vivado/CGRA_On_RISCV/src/PC.v:8]
INFO: [VRFC 10-311] analyzing module Adder
WARNING: [VRFC 10-3609] overwriting previous definition of module 'Adder' [C:/Code/Vivado/CGRA_On_RISCV/src/Adder.v:2]
INFO: [VRFC 10-311] analyzing module Instruction_Memory
INFO: [VRFC 10-311] analyzing module ALU
WARNING: [VRFC 10-3609] overwriting previous definition of module 'ALU' [C:/Code/Vivado/CGRA_On_RISCV/src/ALU.v:2]
INFO: [VRFC 10-311] analyzing module Shift1
INFO: [VRFC 10-311] analyzing module Sign_Extend
INFO: [VRFC 10-311] analyzing module IF_ID
INFO: [VRFC 10-311] analyzing module Control
INFO: [VRFC 10-311] analyzing module Registers
INFO: [VRFC 10-311] analyzing module ID_EX
INFO: [VRFC 10-311] analyzing module ALU_Control
WARNING: [VRFC 10-3609] overwriting previous definition of module 'ALU_Control' [C:/Code/Vivado/CGRA_On_RISCV/src/ALU_Control.v:2]
INFO: [VRFC 10-311] analyzing module HazradDetect
WARNING: [VRFC 10-2379] empty port in module declaration [C:/Code/Vivado/CGRA_On_RISCV/src/HazardDetect.v:7]
INFO: [VRFC 10-311] analyzing module MUX_Control
WARNING: [VRFC 10-2379] empty port in module declaration [C:/Code/Vivado/CGRA_On_RISCV/src/MUX_Control.v:17]
INFO: [VRFC 10-311] analyzing module ForwardingUnit
INFO: [VRFC 10-311] analyzing module ForwardingMUX
INFO: [VRFC 10-311] analyzing module EX_MEM
INFO: [VRFC 10-311] analyzing module Data_Memory
INFO: [VRFC 10-311] analyzing module MEM_WB
INFO: [VRFC 10-311] analyzing module Branch
INFO: [VRFC 10-311] analyzing module VALU
INFO: [VRFC 10-311] analyzing module VALU_ctrl
INFO: [VRFC 10-311] analyzing module CPU
INFO: [VRFC 10-2458] undeclared symbol clk, assumed default net type wire [C:/Code/Vivado/CGRA_On_RISCV/src/CPU.v:253]
INFO: [VRFC 10-2263] Analyzing Verilog file "C:/Code/Vivado/CGRA_On_RISCV/src/Control.v" into library xil_defaultlib
INFO: [VRFC 10-311] analyzing module Control
WARNING: [VRFC 10-3609] overwriting previous definition of module 'Control' [C:/Code/Vivado/CGRA_On_RISCV/src/Control.v:1]
INFO: [VRFC 10-2263] Analyzing Verilog file "C:/Code/Vivado/CGRA_On_RISCV/src/DataMemory.v" into library xil_defaultlib
INFO: [VRFC 10-311] analyzing module Data_Memory
WARNING: [VRFC 10-3609] overwriting previous definition of module 'Data_Memory' [C:/Code/Vivado/CGRA_On_RISCV/src/DataMemory.v:1]
INFO: [VRFC 10-2263] Analyzing Verilog file "C:/Code/Vivado/CGRA_On_RISCV/src/ForwardingMUX.v" into library xil_defaultlib
INFO: [VRFC 10-311] analyzing module ForwardingMUX
WARNING: [VRFC 10-3609] overwriting previous definition of module 'ForwardingMUX' [C:/Code/Vivado/CGRA_On_RISCV/src/ForwardingMUX.v:1]
INFO: [VRFC 10-2263] Analyzing Verilog file "C:/Code/Vivado/CGRA_On_RISCV/src/ForwardingUnit.v" into library xil_defaultlib
INFO: [VRFC 10-311] analyzing module ForwardingUnit
WARNING: [VRFC 10-3609] overwriting previous definition of module 'ForwardingUnit' [C:/Code/Vivado/CGRA_On_RISCV/src/ForwardingUnit.v:1]
INFO: [VRFC 10-2263] Analyzing Verilog file "C:/Code/Vivado/CGRA_On_RISCV/src/HazardDetect.v" into library xil_defaultlib
INFO: [VRFC 10-311] analyzing module HazradDetect
WARNING: [VRFC 10-3609] overwriting previous definition of module 'HazradDetect' [C:/Code/Vivado/CGRA_On_RISCV/src/HazardDetect.v:1]
INFO: [VRFC 10-2263] Analyzing Verilog file "C:/Code/Vivado/CGRA_On_RISCV/src/MUX32.v" into library xil_defaultlib
INFO: [VRFC 10-311] analyzing module MUX32
WARNING: [VRFC 10-3609] overwriting previous definition of module 'MUX32' [C:/Code/Vivado/CGRA_On_RISCV/src/MUX32.v:1]
INFO: [VRFC 10-2263] Analyzing Verilog file "C:/Code/Vivado/CGRA_On_RISCV/src/MUX_Control.v" into library xil_defaultlib
INFO: [VRFC 10-311] analyzing module MUX_Control
WARNING: [VRFC 10-3609] overwriting previous definition of module 'MUX_Control' [C:/Code/Vivado/CGRA_On_RISCV/src/MUX_Control.v:1]
INFO: [VRFC 10-2263] Analyzing Verilog file "C:/Code/Vivado/CGRA_On_RISCV/src/PC.v" into library xil_defaultlib
INFO: [VRFC 10-311] analyzing module PC
WARNING: [VRFC 10-3609] overwriting previous definition of module 'PC' [C:/Code/Vivado/CGRA_On_RISCV/src/PC.v:1]
INFO: [VRFC 10-2263] Analyzing Verilog file "C:/Code/Vivado/CGRA_On_RISCV/src/Registers.v" into library xil_defaultlib
INFO: [VRFC 10-311] analyzing module Registers
WARNING: [VRFC 10-3609] overwriting previous definition of module 'Registers' [C:/Code/Vivado/CGRA_On_RISCV/src/Registers.v:1]
INFO: [VRFC 10-2263] Analyzing Verilog file "C:/Code/Vivado/CGRA_On_RISCV/src/Sign_Extend.v" into library xil_defaultlib
INFO: [VRFC 10-311] analyzing module Sign_Extend
WARNING: [VRFC 10-3609] overwriting previous definition of module 'Sign_Extend' [C:/Code/Vivado/CGRA_On_RISCV/src/Sign_Extend.v:1]
INFO: [VRFC 10-2263] Analyzing Verilog file "C:/Code/Vivado/CGRA_On_RISCV/src/Top.v" into library xil_defaultlib
INFO: [VRFC 10-311] analyzing module Top
INFO: [VRFC 10-2263] Analyzing Verilog file "C:/Code/Vivado/CGRA_On_RISCV/src/VALU.v" into library xil_defaultlib
INFO: [VRFC 10-311] analyzing module VALU
WARNING: [VRFC 10-3609] overwriting previous definition of module 'VALU' [C:/Code/Vivado/CGRA_On_RISCV/src/VALU.v:1]
INFO: [VRFC 10-2263] Analyzing Verilog file "C:/Code/Vivado/CGRA_On_RISCV/src/VALU_ctrl.v" into library xil_defaultlib
INFO: [VRFC 10-311] analyzing module VALU_ctrl
WARNING: [VRFC 10-3609] overwriting previous definition of module 'VALU_ctrl' [C:/Code/Vivado/CGRA_On_RISCV/src/VALU_ctrl.v:1]
INFO: [VRFC 10-2263] Analyzing Verilog file "C:/Code/Vivado/CGRA_On_RISCV/src/testbench.v" into library xil_defaultlib
INFO: [VRFC 10-311] analyzing module testbench
