Copyright 1986-2019 Xilinx, Inc. All Rights Reserved.
------------------------------------------------------------------------------------
| Tool Version : Vivado v.2019.2 (win64) Build 2708876 Wed Nov  6 21:40:23 MST 2019
| Date         : Wed Mar 20 15:53:56 2024
| Host         : Chris running 64-bit major release  (build 9200)
| Command      : report_control_sets -verbose -file CPU_control_sets_placed.rpt
| Design       : CPU
| Device       : xc7vx485t
------------------------------------------------------------------------------------

Control Set Information

Table of Contents
-----------------
1. Summary
2. Histogram
3. Flip-Flop Distribution
4. Detailed Control Set Information

1. Summary
----------

+----------------------------------------------------------+-------+
|                          Status                          | Count |
+----------------------------------------------------------+-------+
| Total control sets                                       |   328 |
|    Minimum number of control sets                        |   328 |
|    Addition due to synthesis replication                 |     0 |
|    Addition due to physical synthesis replication        |     0 |
| Unused register locations in slices containing registers |   157 |
+----------------------------------------------------------+-------+
* Control sets can be merged at opt_design using control_set_merge or merge_equivalent_drivers
** Run report_qor_suggestions for automated merging and remapping suggestions


2. Histogram
------------

+--------------------+-------+
|       Fanout       | Count |
+--------------------+-------+
| Total control sets |   328 |
| >= 0 to < 4        |     1 |
| >= 4 to < 6        |     1 |
| >= 6 to < 8        |     5 |
| >= 8 to < 10       |   284 |
| >= 10 to < 12      |     0 |
| >= 12 to < 14      |     1 |
| >= 14 to < 16      |     0 |
| >= 16              |    36 |
+--------------------+-------+
* Control sets can be remapped at either synth_design or opt_design


3. Flip-Flop Distribution
-------------------------

+--------------+-----------------------+------------------------+-----------------+--------------+
| Clock Enable | Synchronous Set/Reset | Asynchronous Set/Reset | Total Registers | Total Slices |
+--------------+-----------------------+------------------------+-----------------+--------------+
| No           | No                    | No                     |               4 |            4 |
| No           | No                    | Yes                    |             335 |          129 |
| No           | Yes                   | No                     |              43 |           13 |
| Yes          | No                    | No                     |               3 |            1 |
| Yes          | No                    | Yes                    |            3470 |         1680 |
| Yes          | Yes                   | No                     |              60 |           14 |
+--------------+-----------------------+------------------------+-----------------+--------------+


4. Detailed Control Set Information
-----------------------------------

+------------------+------------------------------------------------+-------------------------------------------+------------------+----------------+
|   Clock Signal   |                  Enable Signal                 |              Set/Reset Signal             | Slice Load Count | Bel Load Count |
+------------------+------------------------------------------------+-------------------------------------------+------------------+----------------+
|  clk_i_IBUF_BUFG | easter_egg[2]_i_1_n_0                          |                                           |                1 |              3 |
|  clk_i_IBUF_BUFG |                                                |                                           |                4 |              4 |
|  clk_i_IBUF_BUFG | Instruction_Memory/instr_wr_address[5]_i_1_n_0 | reset_IBUF                                |                2 |              6 |
|  clk_i_IBUF_BUFG | Instruction_Memory/memory[63][15]_i_2_n_0      | Instruction_Memory/memory[63][15]_i_1_n_0 |                1 |              7 |
|  clk_i_IBUF_BUFG | Instruction_Memory/memory[63][23]_i_2_n_0      | Instruction_Memory/memory[63][23]_i_1_n_0 |                2 |              7 |
|  clk_i_IBUF_BUFG | Instruction_Memory/memory[63][31]_i_2_n_0      | Instruction_Memory/memory[63][31]_i_1_n_0 |                2 |              7 |
|  clk_i_IBUF_BUFG | Instruction_Memory/memory[63][7]_i_2_n_0       | Instruction_Memory/memory[63][7]_i_1_n_0  |                4 |              7 |
|  clk_i_IBUF_BUFG | Instruction_Memory/memory[13][31]_i_1_n_0      | reset_IBUF                                |                2 |              8 |
|  clk_i_IBUF_BUFG | Instruction_Memory/memory[10][7]_i_1_n_0       | reset_IBUF                                |                2 |              8 |
|  clk_i_IBUF_BUFG | Instruction_Memory/memory[12][23]_i_1_n_0      | reset_IBUF                                |                5 |              8 |
|  clk_i_IBUF_BUFG | Instruction_Memory/memory[0][31]_i_1_n_0       | reset_IBUF                                |                2 |              8 |
|  clk_i_IBUF_BUFG | Instruction_Memory/memory[15][15]_i_1_n_0      | reset_IBUF                                |                2 |              8 |
|  clk_i_IBUF_BUFG | Instruction_Memory/memory[14][31]_i_1_n_0      | reset_IBUF                                |                4 |              8 |
|  clk_i_IBUF_BUFG | Instruction_Memory/memory[15][31]_i_1_n_0      | reset_IBUF                                |                3 |              8 |
|  clk_i_IBUF_BUFG | Instruction_Memory/memory[16][31]_i_1_n_0      | reset_IBUF                                |                2 |              8 |
|  clk_i_IBUF_BUFG | Instruction_Memory/memory[18][15]_i_1_n_0      | reset_IBUF                                |                1 |              8 |
|  clk_i_IBUF_BUFG | Instruction_Memory/memory[18][23]_i_1_n_0      | reset_IBUF                                |                1 |              8 |
|  clk_i_IBUF_BUFG | Instruction_Memory/memory[16][7]_i_1_n_0       | reset_IBUF                                |                2 |              8 |
|  clk_i_IBUF_BUFG | Instruction_Memory/memory[13][15]_i_1_n_0      | reset_IBUF                                |                2 |              8 |
|  clk_i_IBUF_BUFG | Instruction_Memory/memory[18][7]_i_1_n_0       | reset_IBUF                                |                3 |              8 |
|  clk_i_IBUF_BUFG | Instruction_Memory/memory[19][15]_i_1_n_0      | reset_IBUF                                |                1 |              8 |
|  clk_i_IBUF_BUFG | Instruction_Memory/memory[19][23]_i_1_n_0      | reset_IBUF                                |                1 |              8 |
|  clk_i_IBUF_BUFG | Instruction_Memory/memory[19][31]_i_1_n_0      | reset_IBUF                                |                3 |              8 |
|  clk_i_IBUF_BUFG | Instruction_Memory/memory[1][15]_i_1_n_0       | reset_IBUF                                |                3 |              8 |
|  clk_i_IBUF_BUFG | Instruction_Memory/memory[13][23]_i_1_n_0      | reset_IBUF                                |                3 |              8 |
|  clk_i_IBUF_BUFG | Instruction_Memory/memory[17][31]_i_1_n_0      | reset_IBUF                                |                2 |              8 |
|  clk_i_IBUF_BUFG | Instruction_Memory/memory[16][23]_i_1_n_0      | reset_IBUF                                |                2 |              8 |
|  clk_i_IBUF_BUFG | Instruction_Memory/memory[15][7]_i_1_n_0       | reset_IBUF                                |                4 |              8 |
|  clk_i_IBUF_BUFG | Instruction_Memory/memory[17][7]_i_1_n_0       | reset_IBUF                                |                1 |              8 |
|  clk_i_IBUF_BUFG | Instruction_Memory/memory[18][31]_i_1_n_0      | reset_IBUF                                |                6 |              8 |
|  clk_i_IBUF_BUFG | Instruction_Memory/memory[12][31]_i_1_n_0      | reset_IBUF                                |                3 |              8 |
|  clk_i_IBUF_BUFG | Instruction_Memory/memory[0][7]_i_1_n_0        | reset_IBUF                                |                2 |              8 |
|  clk_i_IBUF_BUFG | Instruction_Memory/memory[17][23]_i_1_n_0      | reset_IBUF                                |                1 |              8 |
|  clk_i_IBUF_BUFG | Instruction_Memory/memory[11][23]_i_1_n_0      | reset_IBUF                                |                3 |              8 |
|  clk_i_IBUF_BUFG | Instruction_Memory/memory[13][7]_i_1_n_0       | reset_IBUF                                |                2 |              8 |
|  clk_i_IBUF_BUFG | Instruction_Memory/memory[19][7]_i_1_n_0       | reset_IBUF                                |                1 |              8 |
|  clk_i_IBUF_BUFG | Instruction_Memory/memory[1][23]_i_1_n_0       | reset_IBUF                                |                1 |              8 |
|  clk_i_IBUF_BUFG | Instruction_Memory/memory[11][15]_i_1_n_0      | reset_IBUF                                |                3 |              8 |
|  clk_i_IBUF_BUFG | Instruction_Memory/memory[12][15]_i_1_n_0      | reset_IBUF                                |                5 |              8 |
|  clk_i_IBUF_BUFG | Instruction_Memory/memory[1][31]_i_1_n_0       | reset_IBUF                                |                2 |              8 |
|  clk_i_IBUF_BUFG | Instruction_Memory/memory[1][7]_i_1_n_0        | reset_IBUF                                |                1 |              8 |
|  clk_i_IBUF_BUFG | Instruction_Memory/memory[20][15]_i_1_n_0      | reset_IBUF                                |                1 |              8 |
|  clk_i_IBUF_BUFG | Instruction_Memory/memory[20][23]_i_1_n_0      | reset_IBUF                                |                1 |              8 |
|  clk_i_IBUF_BUFG | Instruction_Memory/memory[17][15]_i_1_n_0      | reset_IBUF                                |                3 |              8 |
|  clk_i_IBUF_BUFG | Instruction_Memory/memory[16][15]_i_1_n_0      | reset_IBUF                                |                2 |              8 |
|  clk_i_IBUF_BUFG | Instruction_Memory/memory[14][15]_i_1_n_0      | reset_IBUF                                |                6 |              8 |
|  clk_i_IBUF_BUFG | Instruction_Memory/memory[12][7]_i_1_n_0       | reset_IBUF                                |                1 |              8 |
|  clk_i_IBUF_BUFG | Instruction_Memory/memory[10][15]_i_1_n_0      | reset_IBUF                                |                5 |              8 |
|  clk_i_IBUF_BUFG | Instruction_Memory/memory[10][23]_i_1_n_0      | reset_IBUF                                |                5 |              8 |
|  clk_i_IBUF_BUFG | Instruction_Memory/memory[14][23]_i_1_n_0      | reset_IBUF                                |                1 |              8 |
|  clk_i_IBUF_BUFG | Instruction_Memory/memory[15][23]_i_1_n_0      | reset_IBUF                                |                4 |              8 |
|  clk_i_IBUF_BUFG | Instruction_Memory/memory[11][31]_i_1_n_0      | reset_IBUF                                |                2 |              8 |
|  clk_i_IBUF_BUFG | Instruction_Memory/memory[11][7]_i_1_n_0       | reset_IBUF                                |                1 |              8 |
|  clk_i_IBUF_BUFG | Instruction_Memory/memory[10][31]_i_1_n_0      | reset_IBUF                                |                3 |              8 |
|  clk_i_IBUF_BUFG | Instruction_Memory/memory[14][7]_i_1_n_0       | reset_IBUF                                |                3 |              8 |
|  clk_i_IBUF_BUFG | Instruction_Memory/memory[27][31]_i_1_n_0      | reset_IBUF                                |                1 |              8 |
|  clk_i_IBUF_BUFG | Instruction_Memory/memory[30][23]_i_1_n_0      | reset_IBUF                                |                3 |              8 |
|  clk_i_IBUF_BUFG | Instruction_Memory/memory[21][23]_i_1_n_0      | reset_IBUF                                |                1 |              8 |
|  clk_i_IBUF_BUFG | Instruction_Memory/memory[23][15]_i_1_n_0      | reset_IBUF                                |                2 |              8 |
|  clk_i_IBUF_BUFG | Instruction_Memory/memory[22][31]_i_1_n_0      | reset_IBUF                                |                2 |              8 |
|  clk_i_IBUF_BUFG | Instruction_Memory/memory[25][23]_i_1_n_0      | reset_IBUF                                |                2 |              8 |
|  clk_i_IBUF_BUFG | Instruction_Memory/memory[27][15]_i_1_n_0      | reset_IBUF                                |                3 |              8 |
|  clk_i_IBUF_BUFG | Instruction_Memory/memory[26][31]_i_1_n_0      | reset_IBUF                                |                1 |              8 |
|  clk_i_IBUF_BUFG | Instruction_Memory/memory[2][23]_i_1_n_0       | reset_IBUF                                |                3 |              8 |
|  clk_i_IBUF_BUFG | Instruction_Memory/memory[28][23]_i_1_n_0      | reset_IBUF                                |                3 |              8 |
|  clk_i_IBUF_BUFG | Instruction_Memory/memory[30][7]_i_1_n_0       | reset_IBUF                                |                2 |              8 |
|  clk_i_IBUF_BUFG | Instruction_Memory/memory[31][23]_i_1_n_0      | reset_IBUF                                |                8 |              8 |
|  clk_i_IBUF_BUFG | Instruction_Memory/memory[31][31]_i_1_n_0      | reset_IBUF                                |                7 |              8 |
|  clk_i_IBUF_BUFG | Instruction_Memory/memory[30][15]_i_1_n_0      | reset_IBUF                                |                2 |              8 |
|  clk_i_IBUF_BUFG | Instruction_Memory/memory[29][31]_i_1_n_0      | reset_IBUF                                |                2 |              8 |
|  clk_i_IBUF_BUFG | Instruction_Memory/memory[32][31]_i_1_n_0      | reset_IBUF                                |                1 |              8 |
|  clk_i_IBUF_BUFG | Instruction_Memory/memory[2][7]_i_1_n_0        | reset_IBUF                                |                1 |              8 |
|  clk_i_IBUF_BUFG | Instruction_Memory/memory[24][7]_i_1_n_0       | reset_IBUF                                |                1 |              8 |
|  clk_i_IBUF_BUFG | Instruction_Memory/memory[32][15]_i_1_n_0      | reset_IBUF                                |                3 |              8 |
|  clk_i_IBUF_BUFG | Instruction_Memory/memory[21][7]_i_1_n_0       | reset_IBUF                                |                2 |              8 |
|  clk_i_IBUF_BUFG | Instruction_Memory/memory[32][7]_i_1_n_0       | reset_IBUF                                |                1 |              8 |
|  clk_i_IBUF_BUFG | Instruction_Memory/memory[33][23]_i_1_n_0      | reset_IBUF                                |                1 |              8 |
|  clk_i_IBUF_BUFG | Instruction_Memory/memory[26][23]_i_1_n_0      | reset_IBUF                                |                2 |              8 |
|  clk_i_IBUF_BUFG | Instruction_Memory/memory[33][31]_i_1_n_0      | reset_IBUF                                |                1 |              8 |
|  clk_i_IBUF_BUFG | Instruction_Memory/memory[25][7]_i_1_n_0       | reset_IBUF                                |                2 |              8 |
|  clk_i_IBUF_BUFG | Instruction_Memory/memory[24][15]_i_1_n_0      | reset_IBUF                                |                2 |              8 |
|  clk_i_IBUF_BUFG | Instruction_Memory/memory[20][31]_i_1_n_0      | reset_IBUF                                |                1 |              8 |
|  clk_i_IBUF_BUFG | Instruction_Memory/memory[25][31]_i_1_n_0      | reset_IBUF                                |                3 |              8 |
|  clk_i_IBUF_BUFG | Instruction_Memory/memory[30][31]_i_1_n_0      | reset_IBUF                                |                7 |              8 |
|  clk_i_IBUF_BUFG | Instruction_Memory/memory[31][7]_i_1_n_0       | reset_IBUF                                |                4 |              8 |
|  clk_i_IBUF_BUFG | Instruction_Memory/memory[22][7]_i_1_n_0       | reset_IBUF                                |                3 |              8 |
|  clk_i_IBUF_BUFG | Instruction_Memory/memory[32][23]_i_1_n_0      | reset_IBUF                                |                4 |              8 |
|  clk_i_IBUF_BUFG | Instruction_Memory/memory[21][31]_i_1_n_0      | reset_IBUF                                |                2 |              8 |
|  clk_i_IBUF_BUFG | Instruction_Memory/memory[22][23]_i_1_n_0      | reset_IBUF                                |                5 |              8 |
|  clk_i_IBUF_BUFG | Instruction_Memory/memory[21][15]_i_1_n_0      | reset_IBUF                                |                1 |              8 |
|  clk_i_IBUF_BUFG | Instruction_Memory/memory[24][31]_i_1_n_0      | reset_IBUF                                |                5 |              8 |
|  clk_i_IBUF_BUFG | Instruction_Memory/memory[29][23]_i_1_n_0      | reset_IBUF                                |                3 |              8 |
|  clk_i_IBUF_BUFG | Instruction_Memory/memory[2][15]_i_1_n_0       | reset_IBUF                                |                7 |              8 |
|  clk_i_IBUF_BUFG | Instruction_Memory/memory[31][15]_i_1_n_0      | reset_IBUF                                |                6 |              8 |
|  clk_i_IBUF_BUFG | Instruction_Memory/memory[26][15]_i_1_n_0      | reset_IBUF                                |                1 |              8 |
|  clk_i_IBUF_BUFG | Instruction_Memory/memory[33][15]_i_1_n_0      | reset_IBUF                                |                3 |              8 |
|  clk_i_IBUF_BUFG | Instruction_Memory/memory[23][23]_i_1_n_0      | reset_IBUF                                |                2 |              8 |
|  clk_i_IBUF_BUFG | Instruction_Memory/memory[20][7]_i_1_n_0       | reset_IBUF                                |                2 |              8 |
|  clk_i_IBUF_BUFG | Instruction_Memory/memory[23][31]_i_1_n_0      | reset_IBUF                                |                1 |              8 |
|  clk_i_IBUF_BUFG | Instruction_Memory/memory[23][7]_i_1_n_0       | reset_IBUF                                |                3 |              8 |
|  clk_i_IBUF_BUFG | Instruction_Memory/memory[22][15]_i_1_n_0      | reset_IBUF                                |                5 |              8 |
|  clk_i_IBUF_BUFG | Instruction_Memory/memory[25][15]_i_1_n_0      | reset_IBUF                                |                4 |              8 |
|  clk_i_IBUF_BUFG | Instruction_Memory/memory[24][23]_i_1_n_0      | reset_IBUF                                |                4 |              8 |
|  clk_i_IBUF_BUFG | Instruction_Memory/memory[27][7]_i_1_n_0       | reset_IBUF                                |                5 |              8 |
|  clk_i_IBUF_BUFG | Instruction_Memory/memory[28][15]_i_1_n_0      | reset_IBUF                                |                1 |              8 |
|  clk_i_IBUF_BUFG | Instruction_Memory/memory[29][15]_i_1_n_0      | reset_IBUF                                |                3 |              8 |
|  clk_i_IBUF_BUFG | Instruction_Memory/memory[27][23]_i_1_n_0      | reset_IBUF                                |                5 |              8 |
|  clk_i_IBUF_BUFG | Instruction_Memory/memory[28][31]_i_1_n_0      | reset_IBUF                                |                3 |              8 |
|  clk_i_IBUF_BUFG | Instruction_Memory/memory[28][7]_i_1_n_0       | reset_IBUF                                |                7 |              8 |
|  clk_i_IBUF_BUFG | Instruction_Memory/memory[29][7]_i_1_n_0       | reset_IBUF                                |                3 |              8 |
|  clk_i_IBUF_BUFG | Instruction_Memory/memory[26][7]_i_1_n_0       | reset_IBUF                                |                4 |              8 |
|  clk_i_IBUF_BUFG | Instruction_Memory/memory[2][31]_i_1_n_0       | reset_IBUF                                |                3 |              8 |
|  clk_i_IBUF_BUFG | Instruction_Memory/memory[46][7]_i_1_n_0       | reset_IBUF                                |                3 |              8 |
|  clk_i_IBUF_BUFG | Instruction_Memory/memory[47][31]_i_1_n_0      | reset_IBUF                                |                4 |              8 |
|  clk_i_IBUF_BUFG | Instruction_Memory/memory[43][7]_i_1_n_0       | reset_IBUF                                |                2 |              8 |
|  clk_i_IBUF_BUFG | Instruction_Memory/memory[34][15]_i_1_n_0      | reset_IBUF                                |                4 |              8 |
|  clk_i_IBUF_BUFG | Instruction_Memory/memory[39][23]_i_1_n_0      | reset_IBUF                                |                2 |              8 |
|  clk_i_IBUF_BUFG | Instruction_Memory/memory[36][31]_i_1_n_0      | reset_IBUF                                |                3 |              8 |
|  clk_i_IBUF_BUFG | Instruction_Memory/memory[37][31]_i_1_n_0      | reset_IBUF                                |                3 |              8 |
|  clk_i_IBUF_BUFG | Instruction_Memory/memory[3][23]_i_1_n_0       | reset_IBUF                                |                4 |              8 |
|  clk_i_IBUF_BUFG | Instruction_Memory/memory[38][23]_i_1_n_0      | reset_IBUF                                |                2 |              8 |
|  clk_i_IBUF_BUFG | Instruction_Memory/memory[40][31]_i_1_n_0      | reset_IBUF                                |                2 |              8 |
|  clk_i_IBUF_BUFG | Instruction_Memory/memory[35][23]_i_1_n_0      | reset_IBUF                                |                2 |              8 |
|  clk_i_IBUF_BUFG | Instruction_Memory/memory[41][15]_i_1_n_0      | reset_IBUF                                |                6 |              8 |
|  clk_i_IBUF_BUFG | Instruction_Memory/memory[41][31]_i_1_n_0      | reset_IBUF                                |                1 |              8 |
|  clk_i_IBUF_BUFG | Instruction_Memory/memory[42][31]_i_1_n_0      | reset_IBUF                                |                5 |              8 |
|  clk_i_IBUF_BUFG | Instruction_Memory/memory[44][31]_i_1_n_0      | reset_IBUF                                |                2 |              8 |
|  clk_i_IBUF_BUFG | Instruction_Memory/memory[35][31]_i_1_n_0      | reset_IBUF                                |                2 |              8 |
|  clk_i_IBUF_BUFG | Instruction_Memory/memory[36][7]_i_1_n_0       | reset_IBUF                                |                1 |              8 |
|  clk_i_IBUF_BUFG | Instruction_Memory/memory[38][7]_i_1_n_0       | reset_IBUF                                |                6 |              8 |
|  clk_i_IBUF_BUFG | Instruction_Memory/memory[43][15]_i_1_n_0      | reset_IBUF                                |                3 |              8 |
|  clk_i_IBUF_BUFG | Instruction_Memory/memory[36][15]_i_1_n_0      | reset_IBUF                                |                5 |              8 |
|  clk_i_IBUF_BUFG | Instruction_Memory/memory[39][7]_i_1_n_0       | reset_IBUF                                |                2 |              8 |
|  clk_i_IBUF_BUFG | Instruction_Memory/memory[44][23]_i_1_n_0      | reset_IBUF                                |                1 |              8 |
|  clk_i_IBUF_BUFG | Instruction_Memory/memory[36][23]_i_1_n_0      | reset_IBUF                                |                2 |              8 |
|  clk_i_IBUF_BUFG | Instruction_Memory/memory[37][23]_i_1_n_0      | reset_IBUF                                |                4 |              8 |
|  clk_i_IBUF_BUFG | Instruction_Memory/memory[44][7]_i_1_n_0       | reset_IBUF                                |                3 |              8 |
|  clk_i_IBUF_BUFG | Instruction_Memory/memory[35][15]_i_1_n_0      | reset_IBUF                                |                6 |              8 |
|  clk_i_IBUF_BUFG | Instruction_Memory/memory[40][23]_i_1_n_0      | reset_IBUF                                |                2 |              8 |
|  clk_i_IBUF_BUFG | Instruction_Memory/memory[33][7]_i_1_n_0       | reset_IBUF                                |                2 |              8 |
|  clk_i_IBUF_BUFG | Instruction_Memory/memory[34][7]_i_1_n_0       | reset_IBUF                                |                1 |              8 |
|  clk_i_IBUF_BUFG | Instruction_Memory/memory[3][7]_i_1_n_0        | reset_IBUF                                |                2 |              8 |
|  clk_i_IBUF_BUFG | Instruction_Memory/memory[3][31]_i_1_n_0       | reset_IBUF                                |                3 |              8 |
|  clk_i_IBUF_BUFG | Instruction_Memory/memory[40][7]_i_1_n_0       | reset_IBUF                                |                3 |              8 |
|  clk_i_IBUF_BUFG | Instruction_Memory/memory[38][31]_i_1_n_0      | reset_IBUF                                |                2 |              8 |
|  clk_i_IBUF_BUFG | Instruction_Memory/memory[42][15]_i_1_n_0      | reset_IBUF                                |                5 |              8 |
|  clk_i_IBUF_BUFG | Instruction_Memory/memory[45][23]_i_1_n_0      | reset_IBUF                                |                1 |              8 |
|  clk_i_IBUF_BUFG | Instruction_Memory/memory[45][7]_i_1_n_0       | reset_IBUF                                |                3 |              8 |
|  clk_i_IBUF_BUFG | Instruction_Memory/memory[46][23]_i_1_n_0      | reset_IBUF                                |                4 |              8 |
|  clk_i_IBUF_BUFG | Instruction_Memory/memory[34][31]_i_1_n_0      | reset_IBUF                                |                1 |              8 |
|  clk_i_IBUF_BUFG | Instruction_Memory/memory[43][31]_i_1_n_0      | reset_IBUF                                |                2 |              8 |
|  clk_i_IBUF_BUFG | Instruction_Memory/memory[47][23]_i_1_n_0      | reset_IBUF                                |                5 |              8 |
|  clk_i_IBUF_BUFG | Instruction_Memory/memory[47][7]_i_1_n_0       | reset_IBUF                                |                4 |              8 |
|  clk_i_IBUF_BUFG | Instruction_Memory/memory[48][15]_i_1_n_0      | reset_IBUF                                |                3 |              8 |
|  clk_i_IBUF_BUFG | Instruction_Memory/memory[48][23]_i_1_n_0      | reset_IBUF                                |                1 |              8 |
|  clk_i_IBUF_BUFG | Instruction_Memory/memory[41][23]_i_1_n_0      | reset_IBUF                                |                4 |              8 |
|  clk_i_IBUF_BUFG | Instruction_Memory/memory[37][15]_i_1_n_0      | reset_IBUF                                |                5 |              8 |
|  clk_i_IBUF_BUFG | Instruction_Memory/memory[40][15]_i_1_n_0      | reset_IBUF                                |                5 |              8 |
|  clk_i_IBUF_BUFG | Instruction_Memory/memory[34][23]_i_1_n_0      | reset_IBUF                                |                3 |              8 |
|  clk_i_IBUF_BUFG | Instruction_Memory/memory[45][15]_i_1_n_0      | reset_IBUF                                |                3 |              8 |
|  clk_i_IBUF_BUFG | Instruction_Memory/memory[42][23]_i_1_n_0      | reset_IBUF                                |                2 |              8 |
|  clk_i_IBUF_BUFG | Instruction_Memory/memory[46][15]_i_1_n_0      | reset_IBUF                                |                6 |              8 |
|  clk_i_IBUF_BUFG | Instruction_Memory/memory[47][15]_i_1_n_0      | reset_IBUF                                |                6 |              8 |
|  clk_i_IBUF_BUFG | Instruction_Memory/memory[35][7]_i_1_n_0       | reset_IBUF                                |                2 |              8 |
|  clk_i_IBUF_BUFG | Instruction_Memory/memory[39][31]_i_1_n_0      | reset_IBUF                                |                6 |              8 |
|  clk_i_IBUF_BUFG | Instruction_Memory/memory[3][15]_i_1_n_0       | reset_IBUF                                |                3 |              8 |
|  clk_i_IBUF_BUFG | Instruction_Memory/memory[41][7]_i_1_n_0       | reset_IBUF                                |                4 |              8 |
|  clk_i_IBUF_BUFG | Instruction_Memory/memory[43][23]_i_1_n_0      | reset_IBUF                                |                2 |              8 |
|  clk_i_IBUF_BUFG | Instruction_Memory/memory[45][31]_i_1_n_0      | reset_IBUF                                |                2 |              8 |
|  clk_i_IBUF_BUFG | Instruction_Memory/memory[37][7]_i_1_n_0       | reset_IBUF                                |                2 |              8 |
|  clk_i_IBUF_BUFG | Instruction_Memory/memory[42][7]_i_1_n_0       | reset_IBUF                                |                4 |              8 |
|  clk_i_IBUF_BUFG | Instruction_Memory/memory[46][31]_i_1_n_0      | reset_IBUF                                |                6 |              8 |
|  clk_i_IBUF_BUFG | Instruction_Memory/memory[39][15]_i_1_n_0      | reset_IBUF                                |                7 |              8 |
|  clk_i_IBUF_BUFG | Instruction_Memory/memory[38][15]_i_1_n_0      | reset_IBUF                                |                3 |              8 |
|  clk_i_IBUF_BUFG | Instruction_Memory/memory[44][15]_i_1_n_0      | reset_IBUF                                |                5 |              8 |
|  clk_i_IBUF_BUFG | Instruction_Memory/memory[59][7]_i_1_n_0       | reset_IBUF                                |                5 |              8 |
|  clk_i_IBUF_BUFG | Instruction_Memory/memory[5][23]_i_1_n_0       | reset_IBUF                                |                1 |              8 |
|  clk_i_IBUF_BUFG | Instruction_Memory/memory[49][15]_i_1_n_0      | reset_IBUF                                |                1 |              8 |
|  clk_i_IBUF_BUFG | Instruction_Memory/memory[53][23]_i_1_n_0      | reset_IBUF                                |                1 |              8 |
|  clk_i_IBUF_BUFG | Instruction_Memory/memory[55][31]_i_1_n_0      | reset_IBUF                                |                2 |              8 |
|  clk_i_IBUF_BUFG | Instruction_Memory/memory[49][7]_i_1_n_0       | reset_IBUF                                |                2 |              8 |
|  clk_i_IBUF_BUFG | Instruction_Memory/memory[5][31]_i_1_n_0       | reset_IBUF                                |                6 |              8 |
|  clk_i_IBUF_BUFG | Instruction_Memory/memory[5][15]_i_1_n_0       | reset_IBUF                                |                2 |              8 |
|  clk_i_IBUF_BUFG | Instruction_Memory/memory[5][7]_i_1_n_0        | reset_IBUF                                |                2 |              8 |
|  clk_i_IBUF_BUFG | Instruction_Memory/memory[60][23]_i_1_n_0      | reset_IBUF                                |                4 |              8 |
|  clk_i_IBUF_BUFG | Instruction_Memory/memory[60][31]_i_1_n_0      | reset_IBUF                                |                4 |              8 |
|  clk_i_IBUF_BUFG | Instruction_Memory/memory[61][15]_i_1_n_0      | reset_IBUF                                |                3 |              8 |
|  clk_i_IBUF_BUFG | Instruction_Memory/memory[56][23]_i_1_n_0      | reset_IBUF                                |                1 |              8 |
|  clk_i_IBUF_BUFG | Instruction_Memory/memory[61][7]_i_1_n_0       | reset_IBUF                                |                4 |              8 |
|  clk_i_IBUF_BUFG | Instruction_Memory/memory[62][15]_i_1_n_0      | reset_IBUF                                |                2 |              8 |
|  clk_i_IBUF_BUFG | Instruction_Memory/memory[62][23]_i_1_n_0      | reset_IBUF                                |                2 |              8 |
|  clk_i_IBUF_BUFG | Instruction_Memory/memory[4][15]_i_1_n_0       | reset_IBUF                                |                3 |              8 |
|  clk_i_IBUF_BUFG | Instruction_Memory/memory[56][15]_i_1_n_0      | reset_IBUF                                |                4 |              8 |
|  clk_i_IBUF_BUFG | Instruction_Memory/memory[56][31]_i_1_n_0      | reset_IBUF                                |                2 |              8 |
|  clk_i_IBUF_BUFG | Instruction_Memory/memory[49][23]_i_1_n_0      | reset_IBUF                                |                2 |              8 |
|  clk_i_IBUF_BUFG | Instruction_Memory/memory[57][7]_i_1_n_0       | reset_IBUF                                |                4 |              8 |
|  clk_i_IBUF_BUFG | Instruction_Memory/memory[52][23]_i_1_n_0      | reset_IBUF                                |                2 |              8 |
|  clk_i_IBUF_BUFG | Instruction_Memory/memory[51][7]_i_1_n_0       | reset_IBUF                                |                1 |              8 |
|  clk_i_IBUF_BUFG | Instruction_Memory/memory[49][31]_i_1_n_0      | reset_IBUF                                |                4 |              8 |
|  clk_i_IBUF_BUFG | Instruction_Memory/memory[4][31]_i_1_n_0       | reset_IBUF                                |                2 |              8 |
|  clk_i_IBUF_BUFG | Instruction_Memory/memory[48][7]_i_1_n_0       | reset_IBUF                                |                2 |              8 |
|  clk_i_IBUF_BUFG | Instruction_Memory/memory[57][23]_i_1_n_0      | reset_IBUF                                |                3 |              8 |
|  clk_i_IBUF_BUFG | Instruction_Memory/memory[51][31]_i_1_n_0      | reset_IBUF                                |                2 |              8 |
|  clk_i_IBUF_BUFG | Instruction_Memory/memory[59][31]_i_1_n_0      | reset_IBUF                                |                3 |              8 |
|  clk_i_IBUF_BUFG | Instruction_Memory/memory[60][15]_i_1_n_0      | reset_IBUF                                |                3 |              8 |
|  clk_i_IBUF_BUFG | Instruction_Memory/memory[60][7]_i_1_n_0       | reset_IBUF                                |                2 |              8 |
|  clk_i_IBUF_BUFG | Instruction_Memory/memory[54][23]_i_1_n_0      | reset_IBUF                                |                2 |              8 |
|  clk_i_IBUF_BUFG | Instruction_Memory/memory[50][15]_i_1_n_0      | reset_IBUF                                |                1 |              8 |
|  clk_i_IBUF_BUFG | Instruction_Memory/memory[51][23]_i_1_n_0      | reset_IBUF                                |                3 |              8 |
|  clk_i_IBUF_BUFG | Instruction_Memory/memory[54][7]_i_1_n_0       | reset_IBUF                                |                2 |              8 |
|  clk_i_IBUF_BUFG | Instruction_Memory/memory[61][31]_i_1_n_0      | reset_IBUF                                |                6 |              8 |
|  clk_i_IBUF_BUFG | Instruction_Memory/memory[53][15]_i_1_n_0      | reset_IBUF                                |                2 |              8 |
|  clk_i_IBUF_BUFG | Instruction_Memory/memory[58][31]_i_1_n_0      | reset_IBUF                                |                1 |              8 |
|  clk_i_IBUF_BUFG | Instruction_Memory/memory[58][23]_i_1_n_0      | reset_IBUF                                |                1 |              8 |
|  clk_i_IBUF_BUFG | Instruction_Memory/memory[55][23]_i_1_n_0      | reset_IBUF                                |                2 |              8 |
|  clk_i_IBUF_BUFG | Instruction_Memory/memory[58][15]_i_1_n_0      | reset_IBUF                                |                5 |              8 |
|  clk_i_IBUF_BUFG | Instruction_Memory/memory[59][15]_i_1_n_0      | reset_IBUF                                |                5 |              8 |
|  clk_i_IBUF_BUFG | Instruction_Memory/memory[50][7]_i_1_n_0       | reset_IBUF                                |                4 |              8 |
|  clk_i_IBUF_BUFG | Instruction_Memory/memory[57][15]_i_1_n_0      | reset_IBUF                                |                2 |              8 |
|  clk_i_IBUF_BUFG | Instruction_Memory/memory[61][23]_i_1_n_0      | reset_IBUF                                |                4 |              8 |
|  clk_i_IBUF_BUFG | Instruction_Memory/memory[4][23]_i_1_n_0       | reset_IBUF                                |                6 |              8 |
|  clk_i_IBUF_BUFG | Instruction_Memory/memory[55][7]_i_1_n_0       | reset_IBUF                                |                2 |              8 |
|  clk_i_IBUF_BUFG | Instruction_Memory/memory[51][15]_i_1_n_0      | reset_IBUF                                |                2 |              8 |
|  clk_i_IBUF_BUFG | Instruction_Memory/memory[52][15]_i_1_n_0      | reset_IBUF                                |                4 |              8 |
|  clk_i_IBUF_BUFG | Instruction_Memory/memory[50][23]_i_1_n_0      | reset_IBUF                                |                1 |              8 |
|  clk_i_IBUF_BUFG | Instruction_Memory/memory[53][31]_i_1_n_0      | reset_IBUF                                |                3 |              8 |
|  clk_i_IBUF_BUFG | Instruction_Memory/memory[53][7]_i_1_n_0       | reset_IBUF                                |                5 |              8 |
|  clk_i_IBUF_BUFG | Instruction_Memory/memory[54][15]_i_1_n_0      | reset_IBUF                                |                1 |              8 |
|  clk_i_IBUF_BUFG | Instruction_Memory/memory[55][15]_i_1_n_0      | reset_IBUF                                |                1 |              8 |
|  clk_i_IBUF_BUFG | Instruction_Memory/memory[54][31]_i_1_n_0      | reset_IBUF                                |                3 |              8 |
|  clk_i_IBUF_BUFG | Instruction_Memory/memory[56][7]_i_1_n_0       | reset_IBUF                                |                3 |              8 |
|  clk_i_IBUF_BUFG | Instruction_Memory/memory[50][31]_i_1_n_0      | reset_IBUF                                |                1 |              8 |
|  clk_i_IBUF_BUFG | Instruction_Memory/memory[52][31]_i_1_n_0      | reset_IBUF                                |                5 |              8 |
|  clk_i_IBUF_BUFG | Instruction_Memory/memory[4][7]_i_1_n_0        | reset_IBUF                                |                2 |              8 |
|  clk_i_IBUF_BUFG | Instruction_Memory/memory[58][7]_i_1_n_0       | reset_IBUF                                |                3 |              8 |
|  clk_i_IBUF_BUFG | Instruction_Memory/memory[48][31]_i_1_n_0      | reset_IBUF                                |                3 |              8 |
|  clk_i_IBUF_BUFG | Instruction_Memory/memory[52][7]_i_1_n_0       | reset_IBUF                                |                2 |              8 |
|  clk_i_IBUF_BUFG | Instruction_Memory/memory[57][31]_i_1_n_0      | reset_IBUF                                |                1 |              8 |
|  clk_i_IBUF_BUFG | Instruction_Memory/memory[59][23]_i_1_n_0      | reset_IBUF                                |                7 |              8 |
|  clk_i_IBUF_BUFG | Instruction_Memory/memory[7][23]_i_1_n_0       | reset_IBUF                                |                4 |              8 |
|  clk_i_IBUF_BUFG | Instruction_Memory/memory[6][15]_i_1_n_0       | reset_IBUF                                |                5 |              8 |
|  clk_i_IBUF_BUFG | Instruction_Memory/memory[8][15]_i_1_n_0       | reset_IBUF                                |                4 |              8 |
|  clk_i_IBUF_BUFG | Instruction_Memory/memory[8][31]_i_1_n_0       | reset_IBUF                                |                5 |              8 |
|  clk_i_IBUF_BUFG | Instruction_Memory/memory[62][7]_i_1_n_0       | reset_IBUF                                |                6 |              8 |
|  clk_i_IBUF_BUFG | Instruction_Memory/memory[7][31]_i_1_n_0       | reset_IBUF                                |                5 |              8 |
|  clk_i_IBUF_BUFG | Instruction_Memory/memory[6][23]_i_1_n_0       | reset_IBUF                                |                5 |              8 |
|  clk_i_IBUF_BUFG | Instruction_Memory/memory[8][7]_i_1_n_0        | reset_IBUF                                |                6 |              8 |
|  clk_i_IBUF_BUFG | Instruction_Memory/memory[7][15]_i_1_n_0       | reset_IBUF                                |                3 |              8 |
|  clk_i_IBUF_BUFG | Instruction_Memory/memory[7][7]_i_1_n_0        | reset_IBUF                                |                4 |              8 |
|  clk_i_IBUF_BUFG | Instruction_Memory/memory[8][23]_i_1_n_0       | reset_IBUF                                |                3 |              8 |
|  clk_i_IBUF_BUFG | Instruction_Memory/memory[9][7]_i_1_n_0        | reset_IBUF                                |                5 |              8 |
|  clk_i_IBUF_BUFG | Instruction_Memory/memory[62][31]_i_1_n_0      | reset_IBUF                                |                5 |              8 |
|  clk_i_IBUF_BUFG | Instruction_Memory/memory[0][15]_i_1_n_0       | reset_IBUF                                |                2 |              8 |
|  clk_i_IBUF_BUFG | Instruction_Memory/memory[6][31]_i_1_n_0       | reset_IBUF                                |                3 |              8 |
|  clk_i_IBUF_BUFG | Instruction_Memory/memory[9][15]_i_1_n_0       | reset_IBUF                                |                8 |              8 |
|  clk_i_IBUF_BUFG | Instruction_Memory/memory[6][7]_i_1_n_0        | reset_IBUF                                |                3 |              8 |
|  clk_i_IBUF_BUFG | Instruction_Memory/memory[9][23]_i_1_n_0       | reset_IBUF                                |                4 |              8 |
|  clk_i_IBUF_BUFG | Instruction_Memory/memory[9][31]_i_1_n_0       | reset_IBUF                                |                4 |              8 |
|  clk_i_IBUF_BUFG | Instruction_Memory/memory[0][23]_i_1_n_0       | reset_IBUF                                |                7 |              8 |
|  clk_i_IBUF_BUFG | EX_MEM/E[0]                                    | reset_IBUF                                |                6 |              8 |
|  clk_i_IBUF_BUFG | EX_MEM/MemWrite_o_reg_29[0]                    | reset_IBUF                                |                7 |              8 |
|  clk_i_IBUF_BUFG | EX_MEM/MemWrite_o_reg_10[0]                    | reset_IBUF                                |                3 |              8 |
|  clk_i_IBUF_BUFG | EX_MEM/MemWrite_o_reg_4[0]                     | reset_IBUF                                |                5 |              8 |
|  clk_i_IBUF_BUFG | EX_MEM/MemWrite_o_reg_8[0]                     | reset_IBUF                                |                5 |              8 |
|  clk_i_IBUF_BUFG | EX_MEM/MemWrite_o_reg_16[0]                    | reset_IBUF                                |                7 |              8 |
|  clk_i_IBUF_BUFG | EX_MEM/MemWrite_o_reg_11[0]                    | reset_IBUF                                |                6 |              8 |
|  clk_i_IBUF_BUFG | EX_MEM/MemWrite_o_reg_22[0]                    | reset_IBUF                                |                4 |              8 |
|  clk_i_IBUF_BUFG | EX_MEM/MemWrite_o_reg_26[0]                    | reset_IBUF                                |                7 |              8 |
|  clk_i_IBUF_BUFG | EX_MEM/MemWrite_o_reg_6[0]                     | reset_IBUF                                |                8 |              8 |
|  clk_i_IBUF_BUFG | EX_MEM/MemWrite_o_reg_2[0]                     | reset_IBUF                                |                5 |              8 |
|  clk_i_IBUF_BUFG | EX_MEM/MemWrite_o_reg_0[0]                     | reset_IBUF                                |                3 |              8 |
|  clk_i_IBUF_BUFG | EX_MEM/MemWrite_o_reg_13[0]                    | reset_IBUF                                |                5 |              8 |
|  clk_i_IBUF_BUFG | EX_MEM/MemWrite_o_reg_9[0]                     | reset_IBUF                                |                6 |              8 |
|  clk_i_IBUF_BUFG | EX_MEM/MemWrite_o_reg_21[0]                    | reset_IBUF                                |                6 |              8 |
|  clk_i_IBUF_BUFG | EX_MEM/MemWrite_o_reg_1[0]                     | reset_IBUF                                |                4 |              8 |
|  clk_i_IBUF_BUFG | EX_MEM/MemWrite_o_reg_20[0]                    | reset_IBUF                                |                5 |              8 |
|  clk_i_IBUF_BUFG | EX_MEM/MemWrite_o_reg_27[0]                    | reset_IBUF                                |                6 |              8 |
|  clk_i_IBUF_BUFG | EX_MEM/MemWrite_o_reg_30[0]                    | reset_IBUF                                |                6 |              8 |
|  clk_i_IBUF_BUFG | EX_MEM/MemWrite_o_reg_3[0]                     | reset_IBUF                                |                6 |              8 |
|  clk_i_IBUF_BUFG | EX_MEM/MemWrite_o_reg_7[0]                     | reset_IBUF                                |                6 |              8 |
|  clk_i_IBUF_BUFG | EX_MEM/MemWrite_o_reg_12[0]                    | reset_IBUF                                |                6 |              8 |
|  clk_i_IBUF_BUFG | EX_MEM/MemWrite_o_reg_25[0]                    | reset_IBUF                                |                6 |              8 |
|  clk_i_IBUF_BUFG | EX_MEM/MemWrite_o_reg_24[0]                    | reset_IBUF                                |                8 |              8 |
|  clk_i_IBUF_BUFG | EX_MEM/MemWrite_o_reg_5[0]                     | reset_IBUF                                |                8 |              8 |
|  clk_i_IBUF_BUFG | EX_MEM/MemWrite_o_reg_14[0]                    | reset_IBUF                                |                4 |              8 |
|  clk_i_IBUF_BUFG | EX_MEM/MemWrite_o_reg_15[0]                    | reset_IBUF                                |                7 |              8 |
|  clk_i_IBUF_BUFG | EX_MEM/MemWrite_o_reg_17[0]                    | reset_IBUF                                |                7 |              8 |
|  clk_i_IBUF_BUFG | EX_MEM/MemWrite_o_reg_18[0]                    | reset_IBUF                                |                8 |              8 |
|  clk_i_IBUF_BUFG | EX_MEM/MemWrite_o_reg_19[0]                    | reset_IBUF                                |                4 |              8 |
|  clk_i_IBUF_BUFG | EX_MEM/MemWrite_o_reg_23[0]                    | reset_IBUF                                |                6 |              8 |
|  clk_i_IBUF_BUFG | EX_MEM/MemWrite_o_reg_28[0]                    | reset_IBUF                                |                6 |              8 |
|  clk_i_IBUF_BUFG |                                                | IF_ID/pcIm_o[11]_i_1_n_0                  |                2 |             12 |
|  clk_i_IBUF_BUFG | ID_EX/p_0_in_0                                 | IF_ID/pcIm_o[11]_i_1_n_0                  |                5 |             32 |
| ~clk_i_IBUF_BUFG | MEM_WB/RegWrite_o_reg_2[0]                     | reset_IBUF                                |               23 |             36 |
| ~clk_i_IBUF_BUFG | MEM_WB/RegWrite_o_reg_27[0]                    | reset_IBUF                                |               26 |             36 |
| ~clk_i_IBUF_BUFG | MEM_WB/RegWrite_o_reg_28[0]                    | reset_IBUF                                |               20 |             36 |
| ~clk_i_IBUF_BUFG | MEM_WB/E[0]                                    | reset_IBUF                                |               22 |             36 |
| ~clk_i_IBUF_BUFG | MEM_WB/RegWrite_o_reg_10[0]                    | reset_IBUF                                |               22 |             36 |
| ~clk_i_IBUF_BUFG | MEM_WB/RegWrite_o_reg_11[0]                    | reset_IBUF                                |               17 |             36 |
| ~clk_i_IBUF_BUFG | MEM_WB/RegWrite_o_reg_13[0]                    | reset_IBUF                                |               19 |             36 |
| ~clk_i_IBUF_BUFG | MEM_WB/RegWrite_o_reg_15[0]                    | reset_IBUF                                |               20 |             36 |
| ~clk_i_IBUF_BUFG | MEM_WB/RegWrite_o_reg_0[0]                     | reset_IBUF                                |               22 |             36 |
| ~clk_i_IBUF_BUFG | MEM_WB/RegWrite_o_reg_12[0]                    | reset_IBUF                                |               21 |             36 |
| ~clk_i_IBUF_BUFG | MEM_WB/RegWrite_o_reg_16[0]                    | reset_IBUF                                |               22 |             36 |
| ~clk_i_IBUF_BUFG | MEM_WB/RegWrite_o_reg_14[0]                    | reset_IBUF                                |               22 |             36 |
| ~clk_i_IBUF_BUFG | MEM_WB/RegWrite_o_reg_17[0]                    | reset_IBUF                                |               25 |             36 |
| ~clk_i_IBUF_BUFG | MEM_WB/RegWrite_o_reg_18[0]                    | reset_IBUF                                |               22 |             36 |
| ~clk_i_IBUF_BUFG | MEM_WB/RegWrite_o_reg_1[0]                     | reset_IBUF                                |               22 |             36 |
| ~clk_i_IBUF_BUFG | MEM_WB/RegWrite_o_reg_19[0]                    | reset_IBUF                                |               21 |             36 |
| ~clk_i_IBUF_BUFG | MEM_WB/RegWrite_o_reg_20[0]                    | reset_IBUF                                |               17 |             36 |
| ~clk_i_IBUF_BUFG | MEM_WB/RegWrite_o_reg_6[0]                     | reset_IBUF                                |               20 |             36 |
| ~clk_i_IBUF_BUFG | MEM_WB/RegWrite_o_reg_23[0]                    | reset_IBUF                                |               28 |             36 |
| ~clk_i_IBUF_BUFG | MEM_WB/RegWrite_o_reg_9[0]                     | reset_IBUF                                |               21 |             36 |
| ~clk_i_IBUF_BUFG | MEM_WB/RegWrite_o_reg_30[0]                    | reset_IBUF                                |               25 |             36 |
| ~clk_i_IBUF_BUFG | MEM_WB/RegWrite_o_reg_8[0]                     | reset_IBUF                                |               27 |             36 |
| ~clk_i_IBUF_BUFG | MEM_WB/RegWrite_o_reg_24[0]                    | reset_IBUF                                |               20 |             36 |
| ~clk_i_IBUF_BUFG | MEM_WB/RegWrite_o_reg_3[0]                     | reset_IBUF                                |               21 |             36 |
| ~clk_i_IBUF_BUFG | MEM_WB/RegWrite_o_reg_7[0]                     | reset_IBUF                                |               25 |             36 |
| ~clk_i_IBUF_BUFG | MEM_WB/RegWrite_o_reg_22[0]                    | reset_IBUF                                |               25 |             36 |
| ~clk_i_IBUF_BUFG | MEM_WB/RegWrite_o_reg_25[0]                    | reset_IBUF                                |               23 |             36 |
| ~clk_i_IBUF_BUFG | MEM_WB/RegWrite_o_reg_29[0]                    | reset_IBUF                                |               26 |             36 |
| ~clk_i_IBUF_BUFG | MEM_WB/RegWrite_o_reg_4[0]                     | reset_IBUF                                |               26 |             36 |
| ~clk_i_IBUF_BUFG | MEM_WB/RegWrite_o_reg_5[0]                     | reset_IBUF                                |               24 |             36 |
| ~clk_i_IBUF_BUFG | MEM_WB/RegWrite_o_reg_26[0]                    | reset_IBUF                                |               22 |             36 |
| ~clk_i_IBUF_BUFG | MEM_WB/RegWrite_o_reg_21[0]                    | reset_IBUF                                |               21 |             36 |
|  clk_i_IBUF_BUFG | ID_EX/p_0_in_0                                 | EX_MEM/p_0_in                             |               16 |             40 |
|  clk_i_IBUF_BUFG |                                                | reset_IBUF                                |               18 |             45 |
|  clk_i_IBUF_BUFG |                                                | EX_MEM/p_0_in                             |              122 |            321 |
+------------------+------------------------------------------------+-------------------------------------------+------------------+----------------+


